{"Protocol":0,"Id":"ba5a8296deab86b3ad8fd53991f73b5a","Path":"/data/media/movies/Toy Story (1995)/Toy Story (1995) Bluray-1080p Proper.mp4","EncoderPath":null,"EncoderProtocol":null,"Type":0,"Container":"mov,mp4,m4a,3gp,3g2,mj2","Size":1355450250,"Name":"Toy Story (1995) Bluray-1080p Proper","IsRemote":false,"ETag":"885c8a4b0a72f7b1ad2a09b413a911e9","RunTimeTicks":48634550000,"ReadAtNativeFramerate":false,"IgnoreDts":false,"IgnoreIndex":false,"GenPtsInput":false,"SupportsTranscoding":true,"SupportsDirectStream":true,"SupportsDirectPlay":true,"IsInfiniteStream":false,"UseMostCompatibleTranscodingProfile":false,"RequiresOpening":false,"OpenToken":null,"RequiresClosing":false,"LiveStreamId":null,"BufferMs":null,"RequiresLooping":false,"SupportsProbing":true,"VideoType":0,"IsoType":null,"Video3DFormat":null,"MediaStreams":[{"Codec":"hevc","CodecTag":"hev1","Language":"und","ColorRange":null,"ColorSpace":null,"ColorTransfer":null,"ColorPrimaries":null,"DvVersionMajor":null,"DvVersionMinor":null,"DvProfile":null,"DvLevel":null,"RpuPresentFlag":null,"ElPresentFlag":null,"BlPresentFlag":null,"DvBlSignalCompatibilityId":null,"Rotation":null,"Comment":null,"TimeBase":"1/24000","CodecTimeBase":null,"Title":null,"Hdr10PlusPresentFlag":null,"VideoRange":1,"VideoRangeType":1,"VideoDoViTitle":null,"AudioSpatialFormat":0,"LocalizedUndefined":null,"LocalizedDefault":null,"LocalizedForced":null,"LocalizedExternal":null,"LocalizedHearingImpaired":null,"DisplayTitle":"1080p HEVC SDR","NalLengthSize":null,"IsInterlaced":false,"IsAVC":false,"ChannelLayout":null,"BitRate":1998688,"BitDepth":10,"RefFrames":1,"PacketLength":null,"Channels":null,"SampleRate":null,"IsDefault":true,"IsForced":false,"IsHearingImpaired":false,"Height":1080,"Width":1920,"AverageFrameRate":23.976025,"RealFrameRate":23.976025,"ReferenceFrameRate":23.976025,"Profile":"Main 10","Type":1,"AspectRatio":"16:9","Index":0,"Score":null,"IsExternal":false,"DeliveryMethod":null,"DeliveryUrl":null,"IsExternalUrl":null,"IsTextSubtitleStream":false,"SupportsExternalStream":false,"Path":null,"PixelFormat":"yuv420p10le","Level":120,"IsAnamorphic":false},{"Codec":"aac","CodecTag":"mp4a","Language":"eng","ColorRange":null,"ColorSpace":null,"ColorTransfer":null,"ColorPrimaries":null,"DvVersionMajor":null,"DvVersionMinor":null,"DvProfile":null,"DvLevel":null,"RpuPresentFlag":null,"ElPresentFlag":null,"BlPresentFlag":null,"DvBlSignalCompatibilityId":null,"Rotation":null,"Comment":null,"TimeBase":"1/48000","CodecTimeBase":null,"Title":null,"Hdr10PlusPresentFlag":null,"VideoRange":0,"VideoRangeType":0,"VideoDoViTitle":null,"AudioSpatialFormat":0,"LocalizedUndefined":null,"LocalizedDefault":"Default","LocalizedForced":null,"LocalizedExternal":"External","LocalizedHearingImpaired":null,"DisplayTitle":"English - AAC - 5.1 - Default","NalLengthSize":null,"IsInterlaced":false,"IsAVC":false,"ChannelLayout":"5.1","BitRate":224001,"BitDepth":null,"RefFrames":null,"PacketLength":null,"Channels":6,"SampleRate":48000,"IsDefault":true,"IsForced":false,"IsHearingImpaired":false,"Height":null,"Width":null,"AverageFrameRate":null,"RealFrameRate":null,"ReferenceFrameRate":null,"Profile":"LC","Type":0,"AspectRatio":null,"Index":1,"Score":null,"IsExternal":false,"DeliveryMethod":null,"DeliveryUrl":null,"IsExternalUrl":null,"IsTextSubtitleStream":false,"SupportsExternalStream":false,"Path":null,"PixelFormat":null,"Level":0,"IsAnamorphic":null}],"MediaAttachments":[],"Formats":[],"Bitrate":2229608,"FallbackMaxStreamingBitrate":null,"Timestamp":null,"RequiredHttpHeaders":{},"TranscodingUrl":null,"TranscodingSubProtocol":0,"TranscodingContainer":null,"AnalyzeDurationMs":null,"DefaultAudioStreamIndex":null,"DefaultSubtitleStreamIndex":null,"HasSegments":false}

/usr/lib/jellyfin-ffmpeg/ffmpeg -analyzeduration 200M -probesize 1G -ss 00:28:48.000 -noaccurate_seek  -i file:"/data/media/movies/Toy Story (1995)/Toy Story (1995) Bluray-1080p Proper.mp4" -map_metadata -1 -map_chapters -1 -threads 0 -map 0:0 -map 0:1 -map -0:s -codec:v:0 libx264 -preset veryfast -crf 23 -maxrate 8327867 -bufsize 16655734 -profile:v:0 high -level 51 -x264opts:0 subme=0:me_range=16:rc_lookahead=10:me=hex:open_gop=0 -force_key_frames:0 "expr:gte(t,n_forced*3)" -sc_threshold:v:0 0 -vf "setparams=color_primaries=bt709:color_trc=bt709:colorspace=bt709,scale=trunc(min(max(iw\,ih*a)\,min(1920\,1080*a))/2)*2:trunc(min(max(iw/a\,ih)\,min(1920/a\,1080))/2)*2,format=yuv420p" -codec:a:0 copy -copyts -avoid_negative_ts disabled -max_muxing_queue_size 2048 -f hls -max_delay 5000000 -hls_time 3 -hls_segment_type fmp4 -hls_fmp4_init_filename "004d4abdc397fde27ae4522ee6d2ac3f-1.mp4" -start_number 576 -hls_segment_filename "/cache/transcodes/004d4abdc397fde27ae4522ee6d2ac3f%d.mp4" -hls_playlist_type vod -hls_list_size 0 -hls_segment_options movflags=+frag_discont -y "/cache/transcodes/004d4abdc397fde27ae4522ee6d2ac3f.m3u8"


ffmpeg version 7.1.3-Jellyfin Copyright (c) 2000-2025 the FFmpeg developers
  built with gcc 14 (Debian 14.2.0-19)
  configuration: --prefix=/usr/lib/jellyfin-ffmpeg --target-os=linux --extra-version=Jellyfin --disable-doc --disable-ffplay --disable-static --disable-libxcb --disable-sdl2 --disable-xlib --enable-lto=auto --enable-gpl --enable-version3 --enable-shared --enable-gmp --enable-gnutls --enable-chromaprint --enable-opencl --enable-libdrm --enable-libxml2 --enable-libass --enable-libfreetype --enable-libfribidi --enable-libfontconfig --enable-libharfbuzz --enable-libbluray --enable-libmp3lame --enable-libopus --enable-libtheora --enable-libvorbis --enable-libopenmpt --enable-libdav1d --enable-libsvtav1 --enable-libwebp --enable-libvpx --enable-libx264 --enable-libx265 --enable-libzvbi --enable-libzimg --enable-libfdk-aac --arch=amd64 --enable-libshaderc --enable-libplacebo --enable-vulkan --enable-vaapi --enable-amf --enable-libvpl --enable-ffnvcodec --enable-cuda --enable-cuda-llvm --enable-cuvid --enable-nvdec --enable-nvenc
  libavutil      59. 39.100 / 59. 39.100
  libavcodec     61. 19.101 / 61. 19.101
  libavformat    61.  7.100 / 61.  7.100
  libavdevice    61.  3.100 / 61.  3.100
  libavfilter    10.  4.100 / 10.  4.100
  libswscale      8.  3.100 /  8.  3.100
  libswresample   5.  3.100 /  5.  3.100
  libpostproc    58.  3.100 / 58.  3.100
Input #0, mov,mp4,m4a,3gp,3g2,mj2, from 'file:/data/media/movies/Toy Story (1995)/Toy Story (1995) Bluray-1080p Proper.mp4':
  Metadata:
    major_brand     : isom
    minor_version   : 512
    compatible_brands: isomiso2mp41
    creation_time   : 2020-07-26T13:12:07.000000Z
    title           : Toy.Story.1995.PROPER.1080p.BluRay.x265-RARBG
    encoder         : Lavf58.20.100
    comment         : Toy.Story.1995.PROPER.1080p.BluRay.x265-RARBG
  Duration: 01:21:03.46, start: 0.000000, bitrate: 2229 kb/s
  Stream #0:0[0x1](und): Video: hevc (Main 10) (hev1 / 0x31766568), yuv420p10le(tv), 1920x1080 [SAR 1:1 DAR 16:9], 1998 kb/s, 23.98 fps, 23.98 tbr, 24k tbn (default)
      Metadata:
        creation_time   : 2020-07-26T13:12:07.000000Z
        handler_name    : VideoHandler
        vendor_id       : [0][0][0][0]
  Stream #0:1[0x2](eng): Audio: aac (LC) (mp4a / 0x6134706D), 48000 Hz, 5.1, fltp, 224 kb/s (default)
      Metadata:
        creation_time   : 2020-07-26T13:12:07.000000Z
        handler_name    : SoundHandler
        vendor_id       : [0][0][0][0]
Stream mapping:
  Stream #0:0 -> #0:0 (hevc (native) -> h264 (libx264))
  Stream #0:1 -> #0:1 (copy)
Press [q] to stop, [?] for help
[libx264 @ 0x7478782dde00] using SAR=1/1
[libx264 @ 0x7478782dde00] using cpu capabilities: MMX2 SSE2Fast SSSE3 SSE4.2 AVX FMA3 BMI2 AVX2
[libx264 @ 0x7478782dde00] profile High, level 5.1, 4:2:0, 8-bit
[libx264 @ 0x7478782dde00] 264 - core 164 r3108 31e19f9 - H.264/MPEG-4 AVC codec - Copyleft 2003-2023 - http://www.videolan.org/x264.html - options: cabac=1 ref=1 deblock=1:0:0 analyse=0x3:0x113 me=hex subme=0 psy=1 psy_rd=1.00:0.00 mixed_ref=0 me_range=16 chroma_me=1 trellis=0 8x8dct=1 cqm=0 deadzone=21,11 fast_pskip=1 chroma_qp_offset=0 threads=6 lookahead_threads=1 sliced_threads=0 nr=0 decimate=1 interlaced=0 bluray_compat=0 constrained_intra=0 bframes=3 b_pyramid=2 b_adapt=1 b_bias=0 direct=1 weightb=1 open_gop=0 weightp=1 keyint=250 keyint_min=23 scenecut=0 intra_refresh=0 rc_lookahead=10 rc=crf mbtree=1 crf=23.0 qcomp=0.60 qpmin=0 qpmax=69 qpstep=4 vbv_maxrate=8327 vbv_bufsize=16655 crf_max=0.0 nal_hrd=none filler=0 ip_ratio=1.40 aq=1:1.00
[hls @ 0x747878298c80] Opening '/cache/transcodes/004d4abdc397fde27ae4522ee6d2ac3f-1.mp4' for writing
Output #0, hls, to '/cache/transcodes/004d4abdc397fde27ae4522ee6d2ac3f.m3u8':
  Metadata:
    encoder         : Lavf61.7.100
  Stream #0:0: Video: h264, yuv420p(tv, bt709, progressive), 1920x1080 [SAR 1:1 DAR 16:9], q=2-31, 23.98 fps, 24k tbn (default)
      Metadata:
        encoder         : Lavc61.19.101 libx264
      Side data:
        cpb: bitrate max/min/avg: 8327000/0/0 buffer size: 16655000 vbv_delay: N/A
  Stream #0:1: Audio: aac (LC) (mp4a / 0x6134706D), 48000 Hz, 5.1, fltp, 224 kb/s (default)
frame=   31 fps=0.0 q=28.0 size=N/A time=00:00:00.00 bitrate=N/A speed=   0x    
frame=   62 fps= 61 q=28.0 size=N/A time=00:00:01.29 bitrate=N/A speed=1.28x    
[hls @ 0x747878298c80] Opening '/cache/transcodes/004d4abdc397fde27ae4522ee6d2ac3f576.mp4' for writing
frame=  101 fps= 67 q=28.0 size=N/A time=00:00:02.91 bitrate=N/A speed=1.94x    
[hls @ 0x747878298c80] Opening '/cache/transcodes/004d4abdc397fde27ae4522ee6d2ac3f577.mp4' for writing
frame=  145 fps= 72 q=28.0 size=N/A time=00:00:04.75 bitrate=N/A speed=2.37x    
frame=  183 fps= 73 q=28.0 size=N/A time=00:00:06.33 bitrate=N/A speed=2.53x    
[hls @ 0x747878298c80] Opening '/cache/transcodes/004d4abdc397fde27ae4522ee6d2ac3f578.mp4' for writing
frame=  219 fps= 73 q=28.0 size=N/A time=00:00:07.84 bitrate=N/A speed=2.61x    
frame=  257 fps= 73 q=28.0 size=N/A time=00:00:09.42 bitrate=N/A speed=2.69x    
[hls @ 0x747878298c80] Opening '/cache/transcodes/004d4abdc397fde27ae4522ee6d2ac3f579.mp4' for writing
frame=  295 fps= 74 q=28.0 size=N/A time=00:00:11.05 bitrate=N/A speed=2.76x    
frame=  332 fps= 74 q=28.0 size=N/A time=00:00:12.55 bitrate=N/A speed=2.78x    
[hls @ 0x747878298c80] Opening '/cache/transcodes/004d4abdc397fde27ae4522ee6d2ac3f580.mp4' for writing
frame=  365 fps= 73 q=28.0 size=N/A time=00:00:13.97 bitrate=N/A speed=2.79x    
frame=  394 fps= 72 q=28.0 size=N/A time=00:00:15.14 bitrate=N/A speed=2.75x    
frame=  420 fps= 70 q=28.0 size=N/A time=00:00:16.22 bitrate=N/A speed= 2.7x    
[hls @ 0x747878298c80] Opening '/cache/transcodes/004d4abdc397fde27ae4522ee6d2ac3f581.mp4' for writing
frame=  455 fps= 70 q=28.0 size=N/A time=00:00:17.68 bitrate=N/A speed=2.72x    
frame=  502 fps= 72 q=28.0 size=N/A time=00:00:19.64 bitrate=N/A speed= 2.8x    
[hls @ 0x747878298c80] Opening '/cache/transcodes/004d4abdc397fde27ae4522ee6d2ac3f582.mp4' for writing
frame=  557 fps= 74 q=28.0 size=N/A time=00:00:21.93 bitrate=N/A speed=2.92x    
[hls @ 0x747878298c80] Opening '/cache/transcodes/004d4abdc397fde27ae4522ee6d2ac3f583.mp4' for writing
frame=  619 fps= 77 q=28.0 size=N/A time=00:00:24.52 bitrate=N/A speed=3.06x    
[hls @ 0x747878298c80] Opening '/cache/transcodes/004d4abdc397fde27ae4522ee6d2ac3f584.mp4' for writing
frame=  672 fps= 79 q=28.0 size=N/A time=00:00:26.73 bitrate=N/A speed=3.14x    
frame=  719 fps= 80 q=28.0 size=N/A time=00:00:28.73 bitrate=N/A speed=3.19x    
[hls @ 0x747878298c80] Opening '/cache/transcodes/004d4abdc397fde27ae4522ee6d2ac3f585.mp4' for writing
frame=  777 fps= 82 q=28.0 size=N/A time=00:00:31.11 bitrate=N/A speed=3.27x    
[hls @ 0x747878298c80] Opening '/cache/transcodes/004d4abdc397fde27ae4522ee6d2ac3f586.mp4' for writing
frame=  835 fps= 83 q=28.0 size=N/A time=00:00:33.53 bitrate=N/A speed=3.35x    
[hls @ 0x747878298c80] Opening '/cache/transcodes/004d4abdc397fde27ae4522ee6d2ac3f587.mp4' for writing
frame=  883 fps= 84 q=28.0 size=N/A time=00:00:35.53 bitrate=N/A speed=3.38x    
[hls @ 0x747878298c80] Opening '/cache/transcodes/004d4abdc397fde27ae4522ee6d2ac3f588.mp4' for writing
frame=  940 fps= 85 q=28.0 size=N/A time=00:00:37.91 bitrate=N/A speed=3.44x    
frame=  990 fps= 86 q=28.0 size=N/A time=00:00:39.99 bitrate=N/A speed=3.47x    
[hls @ 0x747878298c80] Opening '/cache/transcodes/004d4abdc397fde27ae4522ee6d2ac3f589.mp4' for writing
frame= 1049 fps= 87 q=28.0 size=N/A time=00:00:42.45 bitrate=N/A speed=3.53x    
[hls @ 0x747878298c80] Opening '/cache/transcodes/004d4abdc397fde27ae4522ee6d2ac3f590.mp4' for writing
frame= 1117 fps= 89 q=28.0 size=N/A time=00:00:45.29 bitrate=N/A speed=3.62x    
[hls @ 0x747878298c80] Opening '/cache/transcodes/004d4abdc397fde27ae4522ee6d2ac3f591.mp4' for writing
frame= 1172 fps= 90 q=28.0 size=N/A time=00:00:47.58 bitrate=N/A speed=3.65x    
frame= 1220 fps= 90 q=28.0 size=N/A time=00:00:49.59 bitrate=N/A speed=3.67x    
[hls @ 0x747878298c80] Opening '/cache/transcodes/004d4abdc397fde27ae4522ee6d2ac3f592.mp4' for writing
frame= 1267 fps= 90 q=28.0 size=N/A time=00:00:51.55 bitrate=N/A speed=3.67x    
[hls @ 0x747878298c80] Opening '/cache/transcodes/004d4abdc397fde27ae4522ee6d2ac3f593.mp4' for writing
frame= 1308 fps= 90 q=28.0 size=N/A time=00:00:53.26 bitrate=N/A speed=3.67x    
frame= 1349 fps= 90 q=28.0 size=N/A time=00:00:54.97 bitrate=N/A speed=3.66x    
[hls @ 0x747878298c80] Opening '/cache/transcodes/004d4abdc397fde27ae4522ee6d2ac3f594.mp4' for writing
frame= 1391 fps= 90 q=28.0 size=N/A time=00:00:56.72 bitrate=N/A speed=3.65x    
frame= 1439 fps= 90 q=28.0 size=N/A time=00:00:58.72 bitrate=N/A speed=3.66x    
[hls @ 0x747878298c80] Opening '/cache/transcodes/004d4abdc397fde27ae4522ee6d2ac3f595.mp4' for writing
frame= 1497 fps= 91 q=28.0 size=N/A time=00:01:01.14 bitrate=N/A speed= 3.7x    
[hls @ 0x747878298c80] Opening '/cache/transcodes/004d4abdc397fde27ae4522ee6d2ac3f596.mp4' for writing
frame= 1557 fps= 91 q=28.0 size=N/A time=00:01:03.64 bitrate=N/A speed=3.74x    
[hls @ 0x747878298c80] Opening '/cache/transcodes/004d4abdc397fde27ae4522ee6d2ac3f597.mp4' for writing
frame= 1611 fps= 92 q=28.0 size=N/A time=00:01:05.89 bitrate=N/A speed=3.76x    
[hls @ 0x747878298c80] Opening '/cache/transcodes/004d4abdc397fde27ae4522ee6d2ac3f598.mp4' for writing
frame= 1659 fps= 92 q=28.0 size=N/A time=00:01:07.90 bitrate=N/A speed=3.76x    

[q] command received. Exiting.

[hls @ 0x747878298c80] Opening '/cache/transcodes/004d4abdc397fde27ae4522ee6d2ac3f599.mp4' for writing
[hls @ 0x747878298c80] Opening '/cache/transcodes/004d4abdc397fde27ae4522ee6d2ac3f600.mp4' for writing
[out#0/hls @ 0x7478782817c0] video:21956KiB audio:1990KiB subtitle:0KiB other streams:0KiB global headers:0KiB muxing overhead: unknown
frame= 1748 fps= 93 q=-1.0 Lsize=N/A time=00:01:11.48 bitrate=N/A dup=2 drop=0 speed= 3.8x    
[libx264 @ 0x7478782dde00] frame I:25    Avg QP:17.34  size:137679
[libx264 @ 0x7478782dde00] frame P:502   Avg QP:20.31  size: 23294
[libx264 @ 0x7478782dde00] frame B:1221  Avg QP:23.80  size:  6016
[libx264 @ 0x7478782dde00] consecutive B-frames:  4.1%  5.3%  8.9% 81.7%
[libx264 @ 0x7478782dde00] mb I  I16..4: 21.8% 45.8% 32.4%
[libx264 @ 0x7478782dde00] mb P  I16..4:  7.8% 14.7%  2.8%  P16..4: 10.6%  2.7%  0.9%  0.0%  0.0%    skip:60.4%
[libx264 @ 0x7478782dde00] mb B  I16..4:  1.0%  2.4%  0.2%  B16..8:  7.1%  2.3%  0.2%  direct: 2.9%  skip:83.9%  L0:45.1% L1:47.0% BI: 7.8%
[libx264 @ 0x7478782dde00] 8x8 transform intra:58.4% inter:47.7%
[libx264 @ 0x7478782dde00] coded y,uvDC,uvAC intra: 44.3% 69.7% 37.2% inter: 1.8% 6.9% 0.6%
[libx264 @ 0x7478782dde00] i16 v,h,dc,p: 52% 24%  9% 15%
[libx264 @ 0x7478782dde00] i8 v,h,dc,ddl,ddr,vr,hd,vl,hu: 18% 21% 15%  8%  7%  8%  9%  7%  8%
[libx264 @ 0x7478782dde00] i4 v,h,dc,ddl,ddr,vr,hd,vl,hu: 22% 25% 10%  8%  6%  6%  7%  6%  9%
[libx264 @ 0x7478782dde00] i8c dc,h,v,p: 34% 25% 25% 15%
[libx264 @ 0x7478782dde00] Weighted P-Frames: Y:1.4% UV:1.4%
[libx264 @ 0x7478782dde00] kb/s:2466.92