{"Protocol":0,"Id":"ca4cbc11608675be613e982ee71da194","Path":"/data/media/movies/Sundutan (2026)/Sundutan 2026 1080p Tagalog WEB-DL HEVC x265 BONE.mkv","EncoderPath":null,"EncoderProtocol":null,"Type":0,"Container":"mkv","Size":946944425,"Name":"Sundutan 2026 1080p Tagalog WEB-DL HEVC x265 BONE","IsRemote":false,"ETag":"891582ea0b1eb1c4c1a45cb5a2650b16","RunTimeTicks":42119889999,"ReadAtNativeFramerate":false,"IgnoreDts":false,"IgnoreIndex":false,"GenPtsInput":false,"SupportsTranscoding":true,"SupportsDirectStream":true,"SupportsDirectPlay":true,"IsInfiniteStream":false,"UseMostCompatibleTranscodingProfile":false,"RequiresOpening":false,"OpenToken":null,"RequiresClosing":false,"LiveStreamId":null,"BufferMs":null,"RequiresLooping":false,"SupportsProbing":true,"VideoType":0,"IsoType":null,"Video3DFormat":null,"MediaStreams":[{"Codec":"hevc","CodecTag":null,"Language":null,"ColorRange":null,"ColorSpace":"bt709","ColorTransfer":"bt709","ColorPrimaries":"bt709","DvVersionMajor":null,"DvVersionMinor":null,"DvProfile":null,"DvLevel":null,"RpuPresentFlag":null,"ElPresentFlag":null,"BlPresentFlag":null,"DvBlSignalCompatibilityId":null,"Rotation":null,"Comment":null,"TimeBase":"1/1000","CodecTimeBase":null,"Title":null,"Hdr10PlusPresentFlag":null,"VideoRange":1,"VideoRangeType":1,"VideoDoViTitle":null,"AudioSpatialFormat":0,"LocalizedUndefined":null,"LocalizedDefault":null,"LocalizedForced":null,"LocalizedExternal":null,"LocalizedHearingImpaired":null,"DisplayTitle":"1080p HEVC SDR","NalLengthSize":null,"IsInterlaced":false,"IsAVC":false,"ChannelLayout":null,"BitRate":1798569,"BitDepth":8,"RefFrames":1,"PacketLength":null,"Channels":null,"SampleRate":null,"IsDefault":true,"IsForced":false,"IsHearingImpaired":false,"Height":1080,"Width":1920,"AverageFrameRate":30,"RealFrameRate":30,"ReferenceFrameRate":30,"Profile":"Main","Type":1,"AspectRatio":"16:9","Index":0,"Score":null,"IsExternal":false,"DeliveryMethod":null,"DeliveryUrl":null,"IsExternalUrl":null,"IsTextSubtitleStream":false,"SupportsExternalStream":false,"Path":null,"PixelFormat":"yuv420p","Level":120,"IsAnamorphic":false},{"Codec":"aac","CodecTag":null,"Language":"tgl","ColorRange":null,"ColorSpace":null,"ColorTransfer":null,"ColorPrimaries":null,"DvVersionMajor":null,"DvVersionMinor":null,"DvProfile":null,"DvLevel":null,"RpuPresentFlag":null,"ElPresentFlag":null,"BlPresentFlag":null,"DvBlSignalCompatibilityId":null,"Rotation":null,"Comment":null,"TimeBase":"1/1000","CodecTimeBase":null,"Title":null,"Hdr10PlusPresentFlag":null,"VideoRange":0,"VideoRangeType":0,"VideoDoViTitle":null,"AudioSpatialFormat":0,"LocalizedUndefined":null,"LocalizedDefault":"Default","LocalizedForced":null,"LocalizedExternal":"External","LocalizedHearingImpaired":null,"DisplayTitle":"Tgl - AAC - 5.1 - Default","NalLengthSize":null,"IsInterlaced":false,"IsAVC":false,"ChannelLayout":"5.1","BitRate":320000,"BitDepth":null,"RefFrames":null,"PacketLength":null,"Channels":6,"SampleRate":48000,"IsDefault":true,"IsForced":false,"IsHearingImpaired":false,"Height":null,"Width":null,"AverageFrameRate":null,"RealFrameRate":null,"ReferenceFrameRate":null,"Profile":"LC","Type":0,"AspectRatio":null,"Index":1,"Score":null,"IsExternal":false,"DeliveryMethod":null,"DeliveryUrl":null,"IsExternalUrl":null,"IsTextSubtitleStream":false,"SupportsExternalStream":false,"Path":null,"PixelFormat":null,"Level":0,"IsAnamorphic":null},{"Codec":"subrip","CodecTag":null,"Language":"eng","ColorRange":null,"ColorSpace":null,"ColorTransfer":null,"ColorPrimaries":null,"DvVersionMajor":null,"DvVersionMinor":null,"DvProfile":null,"DvLevel":null,"RpuPresentFlag":null,"ElPresentFlag":null,"BlPresentFlag":null,"DvBlSignalCompatibilityId":null,"Rotation":null,"Comment":null,"TimeBase":"1/1000","CodecTimeBase":null,"Title":null,"Hdr10PlusPresentFlag":null,"VideoRange":0,"VideoRangeType":0,"VideoDoViTitle":null,"AudioSpatialFormat":0,"LocalizedUndefined":"Undefined","LocalizedDefault":"Default","LocalizedForced":"Forced","LocalizedExternal":"External","LocalizedHearingImpaired":"Hearing Impaired","DisplayTitle":"English - SUBRIP","NalLengthSize":null,"IsInterlaced":false,"IsAVC":false,"ChannelLayout":null,"BitRate":null,"BitDepth":null,"RefFrames":null,"PacketLength":null,"Channels":null,"SampleRate":null,"IsDefault":false,"IsForced":false,"IsHearingImpaired":false,"Height":0,"Width":0,"AverageFrameRate":null,"RealFrameRate":null,"ReferenceFrameRate":null,"Profile":null,"Type":2,"AspectRatio":null,"Index":2,"Score":null,"IsExternal":false,"DeliveryMethod":null,"DeliveryUrl":null,"IsExternalUrl":null,"IsTextSubtitleStream":true,"SupportsExternalStream":true,"Path":null,"PixelFormat":null,"Level":0,"IsAnamorphic":null}],"MediaAttachments":[],"Formats":[],"Bitrate":2118569,"FallbackMaxStreamingBitrate":null,"Timestamp":null,"RequiredHttpHeaders":{},"TranscodingUrl":null,"TranscodingSubProtocol":0,"TranscodingContainer":null,"AnalyzeDurationMs":null,"DefaultAudioStreamIndex":null,"DefaultSubtitleStreamIndex":null,"HasSegments":false}

/usr/lib/jellyfin-ffmpeg/ffmpeg -analyzeduration 200M -probesize 1G -ss 00:11:27.000 -noaccurate_seek  -i file:"/data/media/movies/Sundutan (2026)/Sundutan 2026 1080p Tagalog WEB-DL HEVC x265 BONE.mkv" -map_metadata -1 -map_chapters -1 -threads 0 -map 0:0 -map 0:1 -map -0:s -codec:v:0 libx264 -preset veryfast -crf 23 -maxrate 7494037 -bufsize 14988074 -profile:v:0 high -level 51 -x264opts:0 subme=0:me_range=16:rc_lookahead=10:me=hex:open_gop=0 -force_key_frames:0 "expr:gte(t,n_forced*3)" -sc_threshold:v:0 0 -vf "setparams=color_primaries=bt709:color_trc=bt709:colorspace=bt709,scale=trunc(min(max(iw\,ih*a)\,min(1920\,1080*a))/2)*2:trunc(min(max(iw/a\,ih)\,min(1920/a\,1080))/2)*2,format=yuv420p" -codec:a:0 copy -copyts -avoid_negative_ts disabled -max_muxing_queue_size 2048 -f hls -max_delay 5000000 -hls_time 3 -hls_segment_type fmp4 -hls_fmp4_init_filename "32273084a0c4dbbe0f7736988ff6238a-1.mp4" -start_number 229 -hls_segment_filename "/cache/transcodes/32273084a0c4dbbe0f7736988ff6238a%d.mp4" -hls_playlist_type vod -hls_list_size 0 -hls_segment_options movflags=+frag_discont -y "/cache/transcodes/32273084a0c4dbbe0f7736988ff6238a.m3u8"


ffmpeg version 7.1.3-Jellyfin Copyright (c) 2000-2025 the FFmpeg developers
  built with gcc 14 (Debian 14.2.0-19)
  configuration: --prefix=/usr/lib/jellyfin-ffmpeg --target-os=linux --extra-version=Jellyfin --disable-doc --disable-ffplay --disable-static --disable-libxcb --disable-sdl2 --disable-xlib --enable-lto=auto --enable-gpl --enable-version3 --enable-shared --enable-gmp --enable-gnutls --enable-chromaprint --enable-opencl --enable-libdrm --enable-libxml2 --enable-libass --enable-libfreetype --enable-libfribidi --enable-libfontconfig --enable-libharfbuzz --enable-libbluray --enable-libmp3lame --enable-libopus --enable-libtheora --enable-libvorbis --enable-libopenmpt --enable-libdav1d --enable-libsvtav1 --enable-libwebp --enable-libvpx --enable-libx264 --enable-libx265 --enable-libzvbi --enable-libzimg --enable-libfdk-aac --arch=amd64 --enable-libshaderc --enable-libplacebo --enable-vulkan --enable-vaapi --enable-amf --enable-libvpl --enable-ffnvcodec --enable-cuda --enable-cuda-llvm --enable-cuvid --enable-nvdec --enable-nvenc
  libavutil      59. 39.100 / 59. 39.100
  libavcodec     61. 19.101 / 61. 19.101
  libavformat    61.  7.100 / 61.  7.100
  libavdevice    61.  3.100 / 61.  3.100
  libavfilter    10.  4.100 / 10.  4.100
  libswscale      8.  3.100 /  8.  3.100
  libswresample   5.  3.100 /  5.  3.100
  libpostproc    58.  3.100 / 58.  3.100
Input #0, matroska,webm, from 'file:/data/media/movies/Sundutan (2026)/Sundutan 2026 1080p Tagalog WEB-DL HEVC x265 BONE.mkv':
  Metadata:
    creation_time   : 2026-03-07T15:57:57.000000Z
    ENCODER         : Lavf61.7.100
  Duration: 01:10:11.99, start: -0.021000, bitrate: 1798 kb/s
  Stream #0:0: Video: hevc (Main), yuv420p(tv, bt709), 1920x1080 [SAR 1:1 DAR 16:9], 30 fps, 30 tbr, 1k tbn (default)
      Metadata:
        DURATION        : 01:10:11.900000000
  Stream #0:1(tgl): Audio: aac (LC), 48000 Hz, 5.1, fltp (default)
      Metadata:
        DURATION        : 01:10:11.989000000
  Stream #0:2(eng): Subtitle: subrip (srt)
      Metadata:
        DURATION        : 01:05:54.531000000
Stream mapping:
  Stream #0:0 -> #0:0 (hevc (native) -> h264 (libx264))
  Stream #0:1 -> #0:1 (copy)
Press [q] to stop, [?] for help
[libx264 @ 0x7a042f102500] using SAR=1/1
[libx264 @ 0x7a042f102500] using cpu capabilities: MMX2 SSE2Fast SSSE3 SSE4.2 AVX FMA3 BMI2 AVX2
[libx264 @ 0x7a042f102500] profile High, level 5.1, 4:2:0, 8-bit
[libx264 @ 0x7a042f102500] 264 - core 164 r3108 31e19f9 - H.264/MPEG-4 AVC codec - Copyleft 2003-2023 - http://www.videolan.org/x264.html - options: cabac=1 ref=1 deblock=1:0:0 analyse=0x3:0x113 me=hex subme=0 psy=1 psy_rd=1.00:0.00 mixed_ref=0 me_range=16 chroma_me=1 trellis=0 8x8dct=1 cqm=0 deadzone=21,11 fast_pskip=1 chroma_qp_offset=0 threads=6 lookahead_threads=1 sliced_threads=0 nr=0 decimate=1 interlaced=0 bluray_compat=0 constrained_intra=0 bframes=3 b_pyramid=2 b_adapt=1 b_bias=0 direct=1 weightb=1 open_gop=0 weightp=1 keyint=250 keyint_min=25 scenecut=0 intra_refresh=0 rc_lookahead=10 rc=crf mbtree=1 crf=23.0 qcomp=0.60 qpmin=0 qpmax=69 qpstep=4 vbv_maxrate=7494 vbv_bufsize=14988 crf_max=0.0 nal_hrd=none filler=0 ip_ratio=1.40 aq=1:1.00
[hls @ 0x7a042ef6ef00] Opening '/cache/transcodes/32273084a0c4dbbe0f7736988ff6238a-1.mp4' for writing
Output #0, hls, to '/cache/transcodes/32273084a0c4dbbe0f7736988ff6238a.m3u8':
  Metadata:
    encoder         : Lavf61.7.100
  Stream #0:0: Video: h264, yuv420p(tv, bt709, progressive), 1920x1080 [SAR 1:1 DAR 16:9], q=2-31, 30 fps, 15360 tbn (default)
      Metadata:
        encoder         : Lavc61.19.101 libx264
      Side data:
        cpb: bitrate max/min/avg: 7494000/0/0 buffer size: 14988000 vbv_delay: N/A
  Stream #0:1: Audio: aac (LC), 48000 Hz, 5.1, fltp (default)
frame=   31 fps=0.0 q=29.0 size=N/A time=00:00:00.00 bitrate=N/A speed=   0x    
frame=   78 fps= 78 q=29.0 size=N/A time=00:00:01.56 bitrate=N/A speed=1.56x    
[hls @ 0x7a042ef6ef00] Opening '/cache/transcodes/32273084a0c4dbbe0f7736988ff6238a229.mp4' for writing
frame=  129 fps= 86 q=29.0 size=N/A time=00:00:03.26 bitrate=N/A speed=2.17x    
[hls @ 0x7a042ef6ef00] Opening '/cache/transcodes/32273084a0c4dbbe0f7736988ff6238a230.mp4' for writing
frame=  200 fps=100 q=29.0 size=N/A time=00:00:05.63 bitrate=N/A speed=2.81x    
frame=  266 fps=106 q=26.0 size=N/A time=00:00:07.83 bitrate=N/A speed=3.13x    
[hls @ 0x7a042ef6ef00] Opening '/cache/transcodes/32273084a0c4dbbe0f7736988ff6238a231.mp4' for writing
frame=  334 fps=111 q=29.0 size=N/A time=00:00:10.10 bitrate=N/A speed=3.36x    
[hls @ 0x7a042ef6ef00] Opening '/cache/transcodes/32273084a0c4dbbe0f7736988ff6238a232.mp4' for writing
frame=  416 fps=119 q=29.0 size=N/A time=00:00:12.83 bitrate=N/A speed=3.66x    
[hls @ 0x7a042ef6ef00] Opening '/cache/transcodes/32273084a0c4dbbe0f7736988ff6238a233.mp4' for writing
frame=  493 fps=123 q=29.0 size=N/A time=00:00:15.40 bitrate=N/A speed=3.85x    
[hls @ 0x7a042ef6ef00] Opening '/cache/transcodes/32273084a0c4dbbe0f7736988ff6238a234.mp4' for writing
frame=  549 fps=122 q=29.0 size=N/A time=00:00:17.26 bitrate=N/A speed=3.83x    
frame=  622 fps=124 q=29.0 size=N/A time=00:00:19.70 bitrate=N/A speed=3.94x    
[hls @ 0x7a042ef6ef00] Opening '/cache/transcodes/32273084a0c4dbbe0f7736988ff6238a235.mp4' for writing
frame=  693 fps=126 q=29.0 size=N/A time=00:00:22.06 bitrate=N/A speed=4.01x    
[hls @ 0x7a042ef6ef00] Opening '/cache/transcodes/32273084a0c4dbbe0f7736988ff6238a236.mp4' for writing
frame=  748 fps=125 q=29.0 size=N/A time=00:00:23.90 bitrate=N/A speed=3.98x    
[hls @ 0x7a042ef6ef00] Opening '/cache/transcodes/32273084a0c4dbbe0f7736988ff6238a237.mp4' for writing
frame=  814 fps=125 q=29.0 size=N/A time=00:00:26.10 bitrate=N/A speed=4.01x    
frame=  855 fps=122 q=29.0 size=N/A time=00:00:27.46 bitrate=N/A speed=3.92x    
frame=  897 fps=119 q=29.0 size=N/A time=00:00:28.86 bitrate=N/A speed=3.84x    
[hls @ 0x7a042ef6ef00] Opening '/cache/transcodes/32273084a0c4dbbe0f7736988ff6238a238.mp4' for writing
frame=  945 fps=118 q=29.0 size=N/A time=00:00:30.46 bitrate=N/A speed= 3.8x    
frame=  990 fps=116 q=29.0 size=N/A time=00:00:31.96 bitrate=N/A speed=3.75x    
[hls @ 0x7a042ef6ef00] Opening '/cache/transcodes/32273084a0c4dbbe0f7736988ff6238a239.mp4' for writing
frame= 1033 fps=115 q=29.0 size=N/A time=00:00:33.40 bitrate=N/A speed=3.71x    
[hls @ 0x7a042ef6ef00] Opening '/cache/transcodes/32273084a0c4dbbe0f7736988ff6238a240.mp4' for writing
frame= 1081 fps=114 q=29.0 size=N/A time=00:00:35.00 bitrate=N/A speed=3.68x    
frame= 1132 fps=113 q=29.0 size=N/A time=00:00:36.70 bitrate=N/A speed=3.66x    
[hls @ 0x7a042ef6ef00] Opening '/cache/transcodes/32273084a0c4dbbe0f7736988ff6238a241.mp4' for writing
frame= 1187 fps=113 q=29.0 size=N/A time=00:00:38.53 bitrate=N/A speed=3.66x    
frame= 1233 fps=112 q=29.0 size=N/A time=00:00:40.06 bitrate=N/A speed=3.64x    
[hls @ 0x7a042ef6ef00] Opening '/cache/transcodes/32273084a0c4dbbe0f7736988ff6238a242.mp4' for writing
frame= 1281 fps=111 q=29.0 size=N/A time=00:00:41.66 bitrate=N/A speed=3.62x    
frame= 1336 fps=111 q=29.0 size=N/A time=00:00:43.50 bitrate=N/A speed=3.62x    
[hls @ 0x7a042ef6ef00] Opening '/cache/transcodes/32273084a0c4dbbe0f7736988ff6238a243.mp4' for writing
frame= 1381 fps=110 q=29.0 size=N/A time=00:00:45.00 bitrate=N/A speed=3.59x    

[q] command received. Exiting.

[hls @ 0x7a042ef6ef00] Opening '/cache/transcodes/32273084a0c4dbbe0f7736988ff6238a244.mp4' for writing
[hls @ 0x7a042ef6ef00] Opening '/cache/transcodes/32273084a0c4dbbe0f7736988ff6238a245.mp4' for writing
[out#0/hls @ 0x7a042f0811c0] video:7309KiB audio:1336KiB subtitle:0KiB other streams:0KiB global headers:0KiB muxing overhead: unknown
frame= 1467 fps=110 q=-1.0 Lsize=N/A time=00:00:47.81 bitrate=N/A dup=1 drop=0 speed=3.59x    
[libx264 @ 0x7a042f102500] frame I:17    Avg QP:15.16  size: 39982
[libx264 @ 0x7a042f102500] frame P:416   Avg QP:17.99  size: 11836
[libx264 @ 0x7a042f102500] frame B:1034  Avg QP:19.79  size:  1818
[libx264 @ 0x7a042f102500] consecutive B-frames:  1.8% 10.8%  5.3% 82.1%
[libx264 @ 0x7a042f102500] mb I  I16..4: 33.1% 56.6% 10.4%
[libx264 @ 0x7a042f102500] mb P  I16..4: 14.3% 15.8%  0.4%  P16..4: 15.1%  4.3%  1.2%  0.0%  0.0%    skip:49.0%
[libx264 @ 0x7a042f102500] mb B  I16..4:  0.9%  0.5%  0.0%  B16..8:  6.9%  0.8%  0.0%  direct: 2.3%  skip:88.6%  L0:49.7% L1:47.3% BI: 3.0%
[libx264 @ 0x7a042f102500] 8x8 transform intra:50.8% inter:40.1%
[libx264 @ 0x7a042f102500] coded y,uvDC,uvAC intra: 17.2% 28.1% 1.8% inter: 0.4% 5.0% 0.0%
[libx264 @ 0x7a042f102500] i16 v,h,dc,p: 64% 16%  9% 11%
[libx264 @ 0x7a042f102500] i8 v,h,dc,ddl,ddr,vr,hd,vl,hu: 28% 14% 22%  7%  6%  7%  5%  7%  4%
[libx264 @ 0x7a042f102500] i4 v,h,dc,ddl,ddr,vr,hd,vl,hu: 39% 19% 18%  6%  4%  4%  3%  4%  3%
[libx264 @ 0x7a042f102500] i8c dc,h,v,p: 50% 16% 26%  7%
[libx264 @ 0x7a042f102500] Weighted P-Frames: Y:1.4% UV:1.0%
[libx264 @ 0x7a042f102500] kb/s:1224.31