{"Protocol":0,"Id":"ca4cbc11608675be613e982ee71da194","Path":"/data/media/movies/Sundutan (2026)/Sundutan 2026 1080p Tagalog WEB-DL HEVC x265 BONE.mkv","EncoderPath":null,"EncoderProtocol":null,"Type":0,"Container":"mkv","Size":946944425,"Name":"Sundutan 2026 1080p Tagalog WEB-DL HEVC x265 BONE","IsRemote":false,"ETag":"891582ea0b1eb1c4c1a45cb5a2650b16","RunTimeTicks":42119889999,"ReadAtNativeFramerate":false,"IgnoreDts":false,"IgnoreIndex":false,"GenPtsInput":false,"SupportsTranscoding":true,"SupportsDirectStream":true,"SupportsDirectPlay":true,"IsInfiniteStream":false,"UseMostCompatibleTranscodingProfile":false,"RequiresOpening":false,"OpenToken":null,"RequiresClosing":false,"LiveStreamId":null,"BufferMs":null,"RequiresLooping":false,"SupportsProbing":true,"VideoType":0,"IsoType":null,"Video3DFormat":null,"MediaStreams":[{"Codec":"hevc","CodecTag":null,"Language":null,"ColorRange":null,"ColorSpace":"bt709","ColorTransfer":"bt709","ColorPrimaries":"bt709","DvVersionMajor":null,"DvVersionMinor":null,"DvProfile":null,"DvLevel":null,"RpuPresentFlag":null,"ElPresentFlag":null,"BlPresentFlag":null,"DvBlSignalCompatibilityId":null,"Rotation":null,"Comment":null,"TimeBase":"1/1000","CodecTimeBase":null,"Title":null,"Hdr10PlusPresentFlag":null,"VideoRange":1,"VideoRangeType":1,"VideoDoViTitle":null,"AudioSpatialFormat":0,"LocalizedUndefined":null,"LocalizedDefault":null,"LocalizedForced":null,"LocalizedExternal":null,"LocalizedHearingImpaired":null,"DisplayTitle":"1080p HEVC SDR","NalLengthSize":null,"IsInterlaced":false,"IsAVC":false,"ChannelLayout":null,"BitRate":1798569,"BitDepth":8,"RefFrames":1,"PacketLength":null,"Channels":null,"SampleRate":null,"IsDefault":true,"IsForced":false,"IsHearingImpaired":false,"Height":1080,"Width":1920,"AverageFrameRate":30,"RealFrameRate":30,"ReferenceFrameRate":30,"Profile":"Main","Type":1,"AspectRatio":"16:9","Index":0,"Score":null,"IsExternal":false,"DeliveryMethod":null,"DeliveryUrl":null,"IsExternalUrl":null,"IsTextSubtitleStream":false,"SupportsExternalStream":false,"Path":null,"PixelFormat":"yuv420p","Level":120,"IsAnamorphic":false},{"Codec":"aac","CodecTag":null,"Language":"tgl","ColorRange":null,"ColorSpace":null,"ColorTransfer":null,"ColorPrimaries":null,"DvVersionMajor":null,"DvVersionMinor":null,"DvProfile":null,"DvLevel":null,"RpuPresentFlag":null,"ElPresentFlag":null,"BlPresentFlag":null,"DvBlSignalCompatibilityId":null,"Rotation":null,"Comment":null,"TimeBase":"1/1000","CodecTimeBase":null,"Title":null,"Hdr10PlusPresentFlag":null,"VideoRange":0,"VideoRangeType":0,"VideoDoViTitle":null,"AudioSpatialFormat":0,"LocalizedUndefined":null,"LocalizedDefault":"Default","LocalizedForced":null,"LocalizedExternal":"External","LocalizedHearingImpaired":null,"DisplayTitle":"Tgl - AAC - 5.1 - Default","NalLengthSize":null,"IsInterlaced":false,"IsAVC":false,"ChannelLayout":"5.1","BitRate":320000,"BitDepth":null,"RefFrames":null,"PacketLength":null,"Channels":6,"SampleRate":48000,"IsDefault":true,"IsForced":false,"IsHearingImpaired":false,"Height":null,"Width":null,"AverageFrameRate":null,"RealFrameRate":null,"ReferenceFrameRate":null,"Profile":"LC","Type":0,"AspectRatio":null,"Index":1,"Score":null,"IsExternal":false,"DeliveryMethod":null,"DeliveryUrl":null,"IsExternalUrl":null,"IsTextSubtitleStream":false,"SupportsExternalStream":false,"Path":null,"PixelFormat":null,"Level":0,"IsAnamorphic":null},{"Codec":"subrip","CodecTag":null,"Language":"eng","ColorRange":null,"ColorSpace":null,"ColorTransfer":null,"ColorPrimaries":null,"DvVersionMajor":null,"DvVersionMinor":null,"DvProfile":null,"DvLevel":null,"RpuPresentFlag":null,"ElPresentFlag":null,"BlPresentFlag":null,"DvBlSignalCompatibilityId":null,"Rotation":null,"Comment":null,"TimeBase":"1/1000","CodecTimeBase":null,"Title":null,"Hdr10PlusPresentFlag":null,"VideoRange":0,"VideoRangeType":0,"VideoDoViTitle":null,"AudioSpatialFormat":0,"LocalizedUndefined":"Undefined","LocalizedDefault":"Default","LocalizedForced":"Forced","LocalizedExternal":"External","LocalizedHearingImpaired":"Hearing Impaired","DisplayTitle":"English - SUBRIP","NalLengthSize":null,"IsInterlaced":false,"IsAVC":false,"ChannelLayout":null,"BitRate":null,"BitDepth":null,"RefFrames":null,"PacketLength":null,"Channels":null,"SampleRate":null,"IsDefault":false,"IsForced":false,"IsHearingImpaired":false,"Height":0,"Width":0,"AverageFrameRate":null,"RealFrameRate":null,"ReferenceFrameRate":null,"Profile":null,"Type":2,"AspectRatio":null,"Index":2,"Score":null,"IsExternal":false,"DeliveryMethod":null,"DeliveryUrl":null,"IsExternalUrl":null,"IsTextSubtitleStream":true,"SupportsExternalStream":true,"Path":null,"PixelFormat":null,"Level":0,"IsAnamorphic":null}],"MediaAttachments":[],"Formats":[],"Bitrate":2118569,"FallbackMaxStreamingBitrate":null,"Timestamp":null,"RequiredHttpHeaders":{},"TranscodingUrl":null,"TranscodingSubProtocol":0,"TranscodingContainer":null,"AnalyzeDurationMs":null,"DefaultAudioStreamIndex":null,"DefaultSubtitleStreamIndex":null,"HasSegments":false}

/usr/lib/jellyfin-ffmpeg/ffmpeg -analyzeduration 200M -probesize 1G  -i file:"/data/media/movies/Sundutan (2026)/Sundutan 2026 1080p Tagalog WEB-DL HEVC x265 BONE.mkv" -map_metadata -1 -map_chapters -1 -threads 0 -map 0:0 -map 0:1 -map -0:s -codec:v:0 libx264 -preset veryfast -crf 23 -maxrate 7494037 -bufsize 14988074 -profile:v:0 high -level 51 -x264opts:0 subme=0:me_range=16:rc_lookahead=10:me=hex:open_gop=0 -force_key_frames:0 "expr:gte(t,n_forced*3)" -sc_threshold:v:0 0 -vf "setparams=color_primaries=bt709:color_trc=bt709:colorspace=bt709,scale=trunc(min(max(iw\,ih*a)\,min(1920\,1080*a))/2)*2:trunc(min(max(iw/a\,ih)\,min(1920/a\,1080))/2)*2,format=yuv420p" -codec:a:0 copy -copyts -avoid_negative_ts disabled -max_muxing_queue_size 2048 -f hls -max_delay 5000000 -hls_time 3 -hls_segment_type fmp4 -hls_fmp4_init_filename "32273084a0c4dbbe0f7736988ff6238a-1.mp4" -start_number 0 -hls_segment_filename "/cache/transcodes/32273084a0c4dbbe0f7736988ff6238a%d.mp4" -hls_playlist_type vod -hls_list_size 0 -hls_segment_options movflags=+frag_discont -y "/cache/transcodes/32273084a0c4dbbe0f7736988ff6238a.m3u8"


ffmpeg version 7.1.3-Jellyfin Copyright (c) 2000-2025 the FFmpeg developers
  built with gcc 14 (Debian 14.2.0-19)
  configuration: --prefix=/usr/lib/jellyfin-ffmpeg --target-os=linux --extra-version=Jellyfin --disable-doc --disable-ffplay --disable-static --disable-libxcb --disable-sdl2 --disable-xlib --enable-lto=auto --enable-gpl --enable-version3 --enable-shared --enable-gmp --enable-gnutls --enable-chromaprint --enable-opencl --enable-libdrm --enable-libxml2 --enable-libass --enable-libfreetype --enable-libfribidi --enable-libfontconfig --enable-libharfbuzz --enable-libbluray --enable-libmp3lame --enable-libopus --enable-libtheora --enable-libvorbis --enable-libopenmpt --enable-libdav1d --enable-libsvtav1 --enable-libwebp --enable-libvpx --enable-libx264 --enable-libx265 --enable-libzvbi --enable-libzimg --enable-libfdk-aac --arch=amd64 --enable-libshaderc --enable-libplacebo --enable-vulkan --enable-vaapi --enable-amf --enable-libvpl --enable-ffnvcodec --enable-cuda --enable-cuda-llvm --enable-cuvid --enable-nvdec --enable-nvenc
  libavutil      59. 39.100 / 59. 39.100
  libavcodec     61. 19.101 / 61. 19.101
  libavformat    61.  7.100 / 61.  7.100
  libavdevice    61.  3.100 / 61.  3.100
  libavfilter    10.  4.100 / 10.  4.100
  libswscale      8.  3.100 /  8.  3.100
  libswresample   5.  3.100 /  5.  3.100
  libpostproc    58.  3.100 / 58.  3.100
Input #0, matroska,webm, from 'file:/data/media/movies/Sundutan (2026)/Sundutan 2026 1080p Tagalog WEB-DL HEVC x265 BONE.mkv':
  Metadata:
    creation_time   : 2026-03-07T15:57:57.000000Z
    ENCODER         : Lavf61.7.100
  Duration: 01:10:11.99, start: -0.021000, bitrate: 1798 kb/s
  Stream #0:0: Video: hevc (Main), yuv420p(tv, bt709), 1920x1080 [SAR 1:1 DAR 16:9], 30 fps, 30 tbr, 1k tbn (default)
      Metadata:
        DURATION        : 01:10:11.900000000
  Stream #0:1(tgl): Audio: aac (LC), 48000 Hz, 5.1, fltp (default)
      Metadata:
        DURATION        : 01:10:11.989000000
  Stream #0:2(eng): Subtitle: subrip (srt)
      Metadata:
        DURATION        : 01:05:54.531000000
Stream mapping:
  Stream #0:0 -> #0:0 (hevc (native) -> h264 (libx264))
  Stream #0:1 -> #0:1 (copy)
Press [q] to stop, [?] for help
[libx264 @ 0x7dd3c7102500] using SAR=1/1
[libx264 @ 0x7dd3c7102500] using cpu capabilities: MMX2 SSE2Fast SSSE3 SSE4.2 AVX FMA3 BMI2 AVX2
[libx264 @ 0x7dd3c7102500] profile High, level 5.1, 4:2:0, 8-bit
[libx264 @ 0x7dd3c7102500] 264 - core 164 r3108 31e19f9 - H.264/MPEG-4 AVC codec - Copyleft 2003-2023 - http://www.videolan.org/x264.html - options: cabac=1 ref=1 deblock=1:0:0 analyse=0x3:0x113 me=hex subme=0 psy=1 psy_rd=1.00:0.00 mixed_ref=0 me_range=16 chroma_me=1 trellis=0 8x8dct=1 cqm=0 deadzone=21,11 fast_pskip=1 chroma_qp_offset=0 threads=6 lookahead_threads=1 sliced_threads=0 nr=0 decimate=1 interlaced=0 bluray_compat=0 constrained_intra=0 bframes=3 b_pyramid=2 b_adapt=1 b_bias=0 direct=1 weightb=1 open_gop=0 weightp=1 keyint=250 keyint_min=25 scenecut=0 intra_refresh=0 rc_lookahead=10 rc=crf mbtree=1 crf=23.0 qcomp=0.60 qpmin=0 qpmax=69 qpstep=4 vbv_maxrate=7494 vbv_bufsize=14988 crf_max=0.0 nal_hrd=none filler=0 ip_ratio=1.40 aq=1:1.00
[hls @ 0x7dd3c6f6ef00] Opening '/cache/transcodes/32273084a0c4dbbe0f7736988ff6238a-1.mp4' for writing
Output #0, hls, to '/cache/transcodes/32273084a0c4dbbe0f7736988ff6238a.m3u8':
  Metadata:
    encoder         : Lavf61.7.100
  Stream #0:0: Video: h264, yuv420p(tv, bt709, progressive), 1920x1080 [SAR 1:1 DAR 16:9], q=2-31, 30 fps, 15360 tbn (default)
      Metadata:
        encoder         : Lavc61.19.101 libx264
      Side data:
        cpb: bitrate max/min/avg: 7494000/0/0 buffer size: 14988000 vbv_delay: N/A
  Stream #0:1: Audio: aac (LC), 48000 Hz, 5.1, fltp (default)
frame=    8 fps=8.0 q=29.0 size=N/A time=00:00:00.00 bitrate=N/A speed=   0x    
frame=   57 fps= 38 q=29.0 size=N/A time=00:00:01.66 bitrate=N/A speed=1.11x    
[hls @ 0x7dd3c6f6ef00] Opening '/cache/transcodes/32273084a0c4dbbe0f7736988ff6238a0.mp4' for writing
frame=  112 fps= 56 q=29.0 size=N/A time=00:00:03.46 bitrate=N/A speed=1.73x    
frame=  170 fps= 68 q=29.0 size=N/A time=00:00:05.40 bitrate=N/A speed=2.16x    
[hls @ 0x7dd3c6f6ef00] Opening '/cache/transcodes/32273084a0c4dbbe0f7736988ff6238a1.mp4' for writing


[q] command received. Exiting.

[hls @ 0x7dd3c6f6ef00] Opening '/cache/transcodes/32273084a0c4dbbe0f7736988ff6238a2.mp4' for writing
[hls @ 0x7dd3c6f6ef00] Opening '/cache/transcodes/32273084a0c4dbbe0f7736988ff6238a3.mp4' for writing
[out#0/hls @ 0x7dd3c70811c0] video:1419KiB audio:256KiB subtitle:0KiB other streams:0KiB global headers:0KiB muxing overhead: unknown
frame=  284 fps= 89 q=-1.0 Lsize=N/A time=00:00:09.18 bitrate=N/A speed=2.88x    
[libx264 @ 0x7dd3c7102500] frame I:4     Avg QP:11.13  size: 13008
[libx264 @ 0x7dd3c7102500] frame P:89    Avg QP:16.32  size:  9143
[libx264 @ 0x7dd3c7102500] frame B:191   Avg QP:19.36  size:  3071
[libx264 @ 0x7dd3c7102500] consecutive B-frames:  2.8% 16.9% 16.9% 63.4%
[libx264 @ 0x7dd3c7102500] mb I  I16..4: 80.1% 16.2%  3.7%
[libx264 @ 0x7dd3c7102500] mb P  I16..4: 17.4% 14.5%  1.0%  P16..4:  3.3%  1.9%  0.6%  0.0%  0.0%    skip:61.3%
[libx264 @ 0x7dd3c7102500] mb B  I16..4:  2.2%  2.1%  0.0%  B16..8:  7.1%  1.6%  0.1%  direct: 0.7%  skip:86.1%  L0:47.9% L1:45.2% BI: 6.9%
[libx264 @ 0x7dd3c7102500] 8x8 transform intra:42.3% inter:49.6%
[libx264 @ 0x7dd3c7102500] coded y,uvDC,uvAC intra: 15.6% 8.6% 2.3% inter: 0.6% 1.3% 0.0%
[libx264 @ 0x7dd3c7102500] i16 v,h,dc,p: 68% 12%  5% 14%
[libx264 @ 0x7dd3c7102500] i8 v,h,dc,ddl,ddr,vr,hd,vl,hu: 25% 11% 16% 10%  6% 11%  5% 10%  6%
[libx264 @ 0x7dd3c7102500] i4 v,h,dc,ddl,ddr,vr,hd,vl,hu: 30% 12% 22%  9%  3%  9%  2%  9%  5%
[libx264 @ 0x7dd3c7102500] i8c dc,h,v,p: 83%  6% 10%  2%
[libx264 @ 0x7dd3c7102500] Weighted P-Frames: Y:13.5% UV:7.9%
[libx264 @ 0x7dd3c7102500] kb/s:1227.24