{"Protocol":0,"Id":"2ca110e42c0ea8c3faa5445299c847fa","Path":"/data/media/movies/Peaky Blinders - The Immortal Man (2026)/Peaky Blinders - The Immortal Man (2026) WEBRip-720p.mp4","EncoderPath":null,"EncoderProtocol":null,"Type":0,"Container":"mov,mp4,m4a,3gp,3g2,mj2","Size":1097875274,"Name":"Peaky Blinders - The Immortal Man (2026) WEBRip-720p","IsRemote":false,"ETag":"32ab1c752812cbfa3e42dbaa4327e460","RunTimeTicks":68437760000,"ReadAtNativeFramerate":false,"IgnoreDts":false,"IgnoreIndex":false,"GenPtsInput":false,"SupportsTranscoding":true,"SupportsDirectStream":true,"SupportsDirectPlay":true,"IsInfiniteStream":false,"UseMostCompatibleTranscodingProfile":false,"RequiresOpening":false,"OpenToken":null,"RequiresClosing":false,"LiveStreamId":null,"BufferMs":null,"RequiresLooping":false,"SupportsProbing":true,"VideoType":0,"IsoType":null,"Video3DFormat":null,"MediaStreams":[{"Codec":"subrip","CodecTag":null,"Language":"tur","ColorRange":null,"ColorSpace":null,"ColorTransfer":null,"ColorPrimaries":null,"DvVersionMajor":null,"DvVersionMinor":null,"DvProfile":null,"DvLevel":null,"RpuPresentFlag":null,"ElPresentFlag":null,"BlPresentFlag":null,"DvBlSignalCompatibilityId":null,"Rotation":null,"Comment":null,"TimeBase":"1/1000","CodecTimeBase":null,"Title":"0","Hdr10PlusPresentFlag":null,"VideoRange":0,"VideoRangeType":0,"VideoDoViTitle":null,"AudioSpatialFormat":0,"LocalizedUndefined":"Undefined","LocalizedDefault":"Default","LocalizedForced":"Forced","LocalizedExternal":"External","LocalizedHearingImpaired":"Hearing Impaired","DisplayTitle":"0 - Turkish - SUBRIP - External","NalLengthSize":null,"IsInterlaced":false,"IsAVC":false,"ChannelLayout":null,"BitRate":null,"BitDepth":null,"RefFrames":null,"PacketLength":null,"Channels":null,"SampleRate":null,"IsDefault":false,"IsForced":false,"IsHearingImpaired":false,"Height":0,"Width":0,"AverageFrameRate":null,"RealFrameRate":null,"ReferenceFrameRate":null,"Profile":null,"Type":2,"AspectRatio":null,"Index":0,"Score":null,"IsExternal":true,"DeliveryMethod":null,"DeliveryUrl":null,"IsExternalUrl":null,"IsTextSubtitleStream":true,"SupportsExternalStream":true,"Path":"/data/media/movies/Peaky Blinders - The Immortal Man (2026)/Peaky Blinders - The Immortal Man (2026) WEBRip-720p.tur.0.srt","PixelFormat":null,"Level":0,"IsAnamorphic":null},{"Codec":"subrip","CodecTag":null,"Language":"tur","ColorRange":null,"ColorSpace":null,"ColorTransfer":null,"ColorPrimaries":null,"DvVersionMajor":null,"DvVersionMinor":null,"DvProfile":null,"DvLevel":null,"RpuPresentFlag":null,"ElPresentFlag":null,"BlPresentFlag":null,"DvBlSignalCompatibilityId":null,"Rotation":null,"Comment":null,"TimeBase":"1/1000","CodecTimeBase":null,"Title":null,"Hdr10PlusPresentFlag":null,"VideoRange":0,"VideoRangeType":0,"VideoDoViTitle":null,"AudioSpatialFormat":0,"LocalizedUndefined":"Undefined","LocalizedDefault":"Default","LocalizedForced":"Forced","LocalizedExternal":"External","LocalizedHearingImpaired":"Hearing Impaired","DisplayTitle":"Turkish - SUBRIP - External","NalLengthSize":null,"IsInterlaced":false,"IsAVC":false,"ChannelLayout":null,"BitRate":null,"BitDepth":null,"RefFrames":null,"PacketLength":null,"Channels":null,"SampleRate":null,"IsDefault":false,"IsForced":false,"IsHearingImpaired":false,"Height":0,"Width":0,"AverageFrameRate":null,"RealFrameRate":null,"ReferenceFrameRate":null,"Profile":null,"Type":2,"AspectRatio":null,"Index":1,"Score":null,"IsExternal":true,"DeliveryMethod":null,"DeliveryUrl":null,"IsExternalUrl":null,"IsTextSubtitleStream":true,"SupportsExternalStream":true,"Path":"/data/media/movies/Peaky Blinders - The Immortal Man (2026)/Peaky Blinders - The Immortal Man (2026) WEBRip-720p.tur.srt","PixelFormat":null,"Level":0,"IsAnamorphic":null},{"Codec":"h264","CodecTag":"avc1","Language":"und","ColorRange":null,"ColorSpace":null,"ColorTransfer":null,"ColorPrimaries":null,"DvVersionMajor":null,"DvVersionMinor":null,"DvProfile":null,"DvLevel":null,"RpuPresentFlag":null,"ElPresentFlag":null,"BlPresentFlag":null,"DvBlSignalCompatibilityId":null,"Rotation":null,"Comment":null,"TimeBase":"1/12288","CodecTimeBase":null,"Title":null,"Hdr10PlusPresentFlag":null,"VideoRange":1,"VideoRangeType":1,"VideoDoViTitle":null,"AudioSpatialFormat":0,"LocalizedUndefined":null,"LocalizedDefault":null,"LocalizedForced":null,"LocalizedExternal":null,"LocalizedHearingImpaired":null,"DisplayTitle":"720p H264 SDR","NalLengthSize":"4","IsInterlaced":false,"IsAVC":true,"ChannelLayout":null,"BitRate":1149540,"BitDepth":8,"RefFrames":1,"PacketLength":null,"Channels":null,"SampleRate":null,"IsDefault":true,"IsForced":false,"IsHearingImpaired":false,"Height":582,"Width":1280,"AverageFrameRate":24,"RealFrameRate":24,"ReferenceFrameRate":24,"Profile":"High","Type":1,"AspectRatio":"240:109","Index":2,"Score":null,"IsExternal":false,"DeliveryMethod":null,"DeliveryUrl":null,"IsExternalUrl":null,"IsTextSubtitleStream":false,"SupportsExternalStream":false,"Path":null,"PixelFormat":"yuv420p","Level":41,"IsAnamorphic":true},{"Codec":"aac","CodecTag":"mp4a","Language":"und","ColorRange":null,"ColorSpace":null,"ColorTransfer":null,"ColorPrimaries":null,"DvVersionMajor":null,"DvVersionMinor":null,"DvProfile":null,"DvLevel":null,"RpuPresentFlag":null,"ElPresentFlag":null,"BlPresentFlag":null,"DvBlSignalCompatibilityId":null,"Rotation":null,"Comment":null,"TimeBase":"1/48000","CodecTimeBase":null,"Title":null,"Hdr10PlusPresentFlag":null,"VideoRange":0,"VideoRangeType":0,"VideoDoViTitle":null,"AudioSpatialFormat":0,"LocalizedUndefined":null,"LocalizedDefault":"Default","LocalizedForced":null,"LocalizedExternal":"External","LocalizedHearingImpaired":null,"DisplayTitle":"AAC - Stereo - Default","NalLengthSize":null,"IsInterlaced":false,"IsAVC":false,"ChannelLayout":"stereo","BitRate":128405,"BitDepth":null,"RefFrames":null,"PacketLength":null,"Channels":2,"SampleRate":48000,"IsDefault":true,"IsForced":false,"IsHearingImpaired":false,"Height":null,"Width":null,"AverageFrameRate":null,"RealFrameRate":null,"ReferenceFrameRate":null,"Profile":"LC","Type":0,"AspectRatio":null,"Index":3,"Score":null,"IsExternal":false,"DeliveryMethod":null,"DeliveryUrl":null,"IsExternalUrl":null,"IsTextSubtitleStream":false,"SupportsExternalStream":false,"Path":null,"PixelFormat":null,"Level":0,"IsAnamorphic":null}],"MediaAttachments":[],"Formats":[],"Bitrate":1283356,"FallbackMaxStreamingBitrate":null,"Timestamp":null,"RequiredHttpHeaders":{},"TranscodingUrl":null,"TranscodingSubProtocol":0,"TranscodingContainer":null,"AnalyzeDurationMs":null,"DefaultAudioStreamIndex":null,"DefaultSubtitleStreamIndex":null,"HasSegments":false}

/usr/lib/jellyfin-ffmpeg/ffmpeg -analyzeduration 200M -probesize 1G -fflags +genpts  -i file:"/data/media/movies/Peaky Blinders - The Immortal Man (2026)/Peaky Blinders - The Immortal Man (2026) WEBRip-720p.mp4" -map_metadata -1 -map_chapters -1 -threads 0 -map 0:0 -map 0:1 -map -0:s -codec:v:0 copy -bsf:v h264_mp4toannexb -start_at_zero -codec:a:0 copy -copyts -avoid_negative_ts disabled -max_muxing_queue_size 2048 -f hls -max_delay 5000000 -hls_time 6 -hls_segment_type fmp4 -hls_fmp4_init_filename "f744bb8a23086c2d41090c9b93b43bf7-1.mp4" -start_number 0 -hls_segment_filename "/cache/transcodes/f744bb8a23086c2d41090c9b93b43bf7%d.mp4" -hls_playlist_type vod -hls_list_size 0 -hls_segment_options movflags=+frag_discont -y "/cache/transcodes/f744bb8a23086c2d41090c9b93b43bf7.m3u8"


ffmpeg version 7.1.3-Jellyfin Copyright (c) 2000-2025 the FFmpeg developers
  built with gcc 14 (Debian 14.2.0-19)
  configuration: --prefix=/usr/lib/jellyfin-ffmpeg --target-os=linux --extra-version=Jellyfin --disable-doc --disable-ffplay --disable-static --disable-libxcb --disable-sdl2 --disable-xlib --enable-lto=auto --enable-gpl --enable-version3 --enable-shared --enable-gmp --enable-gnutls --enable-chromaprint --enable-opencl --enable-libdrm --enable-libxml2 --enable-libass --enable-libfreetype --enable-libfribidi --enable-libfontconfig --enable-libharfbuzz --enable-libbluray --enable-libmp3lame --enable-libopus --enable-libtheora --enable-libvorbis --enable-libopenmpt --enable-libdav1d --enable-libsvtav1 --enable-libwebp --enable-libvpx --enable-libx264 --enable-libx265 --enable-libzvbi --enable-libzimg --enable-libfdk-aac --arch=amd64 --enable-libshaderc --enable-libplacebo --enable-vulkan --enable-vaapi --enable-amf --enable-libvpl --enable-ffnvcodec --enable-cuda --enable-cuda-llvm --enable-cuvid --enable-nvdec --enable-nvenc
  libavutil      59. 39.100 / 59. 39.100
  libavcodec     61. 19.101 / 61. 19.101
  libavformat    61.  7.100 / 61.  7.100
  libavdevice    61.  3.100 / 61.  3.100
  libavfilter    10.  4.100 / 10.  4.100
  libswscale      8.  3.100 /  8.  3.100
  libswresample   5.  3.100 /  5.  3.100
  libpostproc    58.  3.100 / 58.  3.100
[mov,mp4,m4a,3gp,3g2,mj2 @ 0x7184318b4000] Referenced QT chapter track not found
Input #0, mov,mp4,m4a,3gp,3g2,mj2, from 'file:/data/media/movies/Peaky Blinders - The Immortal Man (2026)/Peaky Blinders - The Immortal Man (2026) WEBRip-720p.mp4':
  Metadata:
    major_brand     : isom
    minor_version   : 512
    compatible_brands: isomiso2avc1mp41
    encoder         : Lavf60.4.101
  Duration: 01:54:03.78, start: 0.000000, bitrate: 1283 kb/s
  Chapters:
    Chapter #0:0: start 0.000000, end 6456.450000
      Metadata:
        title           : 
    Chapter #0:1: start 6456.450000, end 6843.776000
      Metadata:
        title           : 
  Stream #0:0[0x1](und): Video: h264 (High) (avc1 / 0x31637661), yuv420p(progressive), 1280x582 [SAR 873:872 DAR 240:109], 1149 kb/s, 24 fps, 24 tbr, 12288 tbn (default)
      Metadata:
        handler_name    : VideoHandler
        vendor_id       : [0][0][0][0]
        encoder         : Lavc60.9.100 libx264
  Stream #0:1[0x2](und): Audio: aac (LC) (mp4a / 0x6134706D), 48000 Hz, stereo, fltp, 128 kb/s (default)
      Metadata:
        handler_name    : SoundHandler
        vendor_id       : [0][0][0][0]
Stream mapping:
  Stream #0:0 -> #0:0 (copy)
  Stream #0:1 -> #0:1 (copy)
[hls @ 0x7184318b7e80] Opening '/cache/transcodes/f744bb8a23086c2d41090c9b93b43bf7-1.mp4' for writing
Output #0, hls, to '/cache/transcodes/f744bb8a23086c2d41090c9b93b43bf7.m3u8':
  Metadata:
    encoder         : Lavf61.7.100
  Stream #0:0: Video: h264 (High) (avc1 / 0x31637661), yuv420p(progressive), 1280x582 [SAR 873:872 DAR 240:109], q=2-31, 1149 kb/s, 24 fps, 24 tbr, 12288 tbn (default)
  Stream #0:1: Audio: aac (LC) (mp4a / 0x6134706D), 48000 Hz, stereo, fltp, 128 kb/s (default)
Press [q] to stop, [?] for help
[hls @ 0x7184318b7e80] Opening '/cache/transcodes/f744bb8a23086c2d41090c9b93b43bf70.mp4' for writing
[hls @ 0x7184318b7e80] Opening '/cache/transcodes/f744bb8a23086c2d41090c9b93b43bf71.mp4' for writing
[hls @ 0x7184318b7e80] Opening '/cache/transcodes/f744bb8a23086c2d41090c9b93b43bf72.mp4' for writing
[hls @ 0x7184318b7e80] Opening '/cache/transcodes/f744bb8a23086c2d41090c9b93b43bf73.mp4' for writing
[hls @ 0x7184318b7e80] Opening '/cache/transcodes/f744bb8a23086c2d41090c9b93b43bf74.mp4' for writing
[hls @ 0x7184318b7e80] Opening '/cache/transcodes/f744bb8a23086c2d41090c9b93b43bf75.mp4' for writing
[hls @ 0x7184318b7e80] Opening '/cache/transcodes/f744bb8a23086c2d41090c9b93b43bf76.mp4' for writing
[hls @ 0x7184318b7e80] Opening '/cache/transcodes/f744bb8a23086c2d41090c9b93b43bf77.mp4' for writing
[hls @ 0x7184318b7e80] Opening '/cache/transcodes/f744bb8a23086c2d41090c9b93b43bf78.mp4' for writing
[hls @ 0x7184318b7e80] Opening '/cache/transcodes/f744bb8a23086c2d41090c9b93b43bf79.mp4' for writing
[hls @ 0x7184318b7e80] Opening '/cache/transcodes/f744bb8a23086c2d41090c9b93b43bf710.mp4' for writing
[hls @ 0x7184318b7e80] Opening '/cache/transcodes/f744bb8a23086c2d41090c9b93b43bf711.mp4' for writing
[hls @ 0x7184318b7e80] Opening '/cache/transcodes/f744bb8a23086c2d41090c9b93b43bf712.mp4' for writing
[hls @ 0x7184318b7e80] Opening '/cache/transcodes/f744bb8a23086c2d41090c9b93b43bf713.mp4' for writing
[hls @ 0x7184318b7e80] Opening '/cache/transcodes/f744bb8a23086c2d41090c9b93b43bf714.mp4' for writing
[hls @ 0x7184318b7e80] Opening '/cache/transcodes/f744bb8a23086c2d41090c9b93b43bf715.mp4' for writing
[hls @ 0x7184318b7e80] Opening '/cache/transcodes/f744bb8a23086c2d41090c9b93b43bf716.mp4' for writing
[hls @ 0x7184318b7e80] Opening '/cache/transcodes/f744bb8a23086c2d41090c9b93b43bf717.mp4' for writing
[hls @ 0x7184318b7e80] Opening '/cache/transcodes/f744bb8a23086c2d41090c9b93b43bf718.mp4' for writing
[hls @ 0x7184318b7e80] Opening '/cache/transcodes/f744bb8a23086c2d41090c9b93b43bf719.mp4' for writing
[hls @ 0x7184318b7e80] Opening '/cache/transcodes/f744bb8a23086c2d41090c9b93b43bf720.mp4' for writing
[hls @ 0x7184318b7e80] Opening '/cache/transcodes/f744bb8a23086c2d41090c9b93b43bf721.mp4' for writing
[hls @ 0x7184318b7e80] Opening '/cache/transcodes/f744bb8a23086c2d41090c9b93b43bf722.mp4' for writing
[hls @ 0x7184318b7e80] Opening '/cache/transcodes/f744bb8a23086c2d41090c9b93b43bf723.mp4' for writing
[hls @ 0x7184318b7e80] Opening '/cache/transcodes/f744bb8a23086c2d41090c9b93b43bf724.mp4' for writing
[hls @ 0x7184318b7e80] Opening '/cache/transcodes/f744bb8a23086c2d41090c9b93b43bf725.mp4' for writing
[hls @ 0x7184318b7e80] Opening '/cache/transcodes/f744bb8a23086c2d41090c9b93b43bf726.mp4' for writing
[hls @ 0x7184318b7e80] Opening '/cache/transcodes/f744bb8a23086c2d41090c9b93b43bf727.mp4' for writing
[hls @ 0x7184318b7e80] Opening '/cache/transcodes/f744bb8a23086c2d41090c9b93b43bf728.mp4' for writing
[hls @ 0x7184318b7e80] Opening '/cache/transcodes/f744bb8a23086c2d41090c9b93b43bf729.mp4' for writing
[hls @ 0x7184318b7e80] Opening '/cache/transcodes/f744bb8a23086c2d41090c9b93b43bf730.mp4' for writing
[hls @ 0x7184318b7e80] Opening '/cache/transcodes/f744bb8a23086c2d41090c9b93b43bf731.mp4' for writing
[hls @ 0x7184318b7e80] Opening '/cache/transcodes/f744bb8a23086c2d41090c9b93b43bf732.mp4' for writing
[hls @ 0x7184318b7e80] Opening '/cache/transcodes/f744bb8a23086c2d41090c9b93b43bf733.mp4' for writing
[hls @ 0x7184318b7e80] Opening '/cache/transcodes/f744bb8a23086c2d41090c9b93b43bf734.mp4' for writing
[hls @ 0x7184318b7e80] Opening '/cache/transcodes/f744bb8a23086c2d41090c9b93b43bf735.mp4' for writing
[hls @ 0x7184318b7e80] Opening '/cache/transcodes/f744bb8a23086c2d41090c9b93b43bf736.mp4' for writing
[hls @ 0x7184318b7e80] Opening '/cache/transcodes/f744bb8a23086c2d41090c9b93b43bf737.mp4' for writing
[hls @ 0x7184318b7e80] Opening '/cache/transcodes/f744bb8a23086c2d41090c9b93b43bf738.mp4' for writing
[hls @ 0x7184318b7e80] Opening '/cache/transcodes/f744bb8a23086c2d41090c9b93b43bf739.mp4' for writing
[hls @ 0x7184318b7e80] Opening '/cache/transcodes/f744bb8a23086c2d41090c9b93b43bf740.mp4' for writing
[hls @ 0x7184318b7e80] Opening '/cache/transcodes/f744bb8a23086c2d41090c9b93b43bf741.mp4' for writing
[hls @ 0x7184318b7e80] Opening '/cache/transcodes/f744bb8a23086c2d41090c9b93b43bf742.mp4' for writing
[hls @ 0x7184318b7e80] Opening '/cache/transcodes/f744bb8a23086c2d41090c9b93b43bf743.mp4' for writing
[hls @ 0x7184318b7e80] Opening '/cache/transcodes/f744bb8a23086c2d41090c9b93b43bf744.mp4' for writing
[hls @ 0x7184318b7e80] Opening '/cache/transcodes/f744bb8a23086c2d41090c9b93b43bf745.mp4' for writing
[hls @ 0x7184318b7e80] Opening '/cache/transcodes/f744bb8a23086c2d41090c9b93b43bf746.mp4' for writing
[hls @ 0x7184318b7e80] Opening '/cache/transcodes/f744bb8a23086c2d41090c9b93b43bf747.mp4' for writing
[hls @ 0x7184318b7e80] Opening '/cache/transcodes/f744bb8a23086c2d41090c9b93b43bf748.mp4' for writing
[hls @ 0x7184318b7e80] Opening '/cache/transcodes/f744bb8a23086c2d41090c9b93b43bf749.mp4' for writing
[hls @ 0x7184318b7e80] Opening '/cache/transcodes/f744bb8a23086c2d41090c9b93b43bf750.mp4' for writing
[hls @ 0x7184318b7e80] Opening '/cache/transcodes/f744bb8a23086c2d41090c9b93b43bf751.mp4' for writing
[hls @ 0x7184318b7e80] Opening '/cache/transcodes/f744bb8a23086c2d41090c9b93b43bf752.mp4' for writing
[hls @ 0x7184318b7e80] Opening '/cache/transcodes/f744bb8a23086c2d41090c9b93b43bf753.mp4' for writing
[hls @ 0x7184318b7e80] Opening '/cache/transcodes/f744bb8a23086c2d41090c9b93b43bf754.mp4' for writing
[hls @ 0x7184318b7e80] Opening '/cache/transcodes/f744bb8a23086c2d41090c9b93b43bf755.mp4' for writing
[hls @ 0x7184318b7e80] Opening '/cache/transcodes/f744bb8a23086c2d41090c9b93b43bf756.mp4' for writing
[hls @ 0x7184318b7e80] Opening '/cache/transcodes/f744bb8a23086c2d41090c9b93b43bf757.mp4' for writing
[hls @ 0x7184318b7e80] Opening '/cache/transcodes/f744bb8a23086c2d41090c9b93b43bf758.mp4' for writing
[hls @ 0x7184318b7e80] Opening '/cache/transcodes/f744bb8a23086c2d41090c9b93b43bf759.mp4' for writing
[hls @ 0x7184318b7e80] Opening '/cache/transcodes/f744bb8a23086c2d41090c9b93b43bf760.mp4' for writing
[hls @ 0x7184318b7e80] Opening '/cache/transcodes/f744bb8a23086c2d41090c9b93b43bf761.mp4' for writing
[hls @ 0x7184318b7e80] Opening '/cache/transcodes/f744bb8a23086c2d41090c9b93b43bf762.mp4' for writing
[hls @ 0x7184318b7e80] Opening '/cache/transcodes/f744bb8a23086c2d41090c9b93b43bf763.mp4' for writing
[hls @ 0x7184318b7e80] Opening '/cache/transcodes/f744bb8a23086c2d41090c9b93b43bf764.mp4' for writing
[hls @ 0x7184318b7e80] Opening '/cache/transcodes/f744bb8a23086c2d41090c9b93b43bf765.mp4' for writing
[hls @ 0x7184318b7e80] Opening '/cache/transcodes/f744bb8a23086c2d41090c9b93b43bf766.mp4' for writing
[hls @ 0x7184318b7e80] Opening '/cache/transcodes/f744bb8a23086c2d41090c9b93b43bf767.mp4' for writing
[hls @ 0x7184318b7e80] Opening '/cache/transcodes/f744bb8a23086c2d41090c9b93b43bf768.mp4' for writing
[hls @ 0x7184318b7e80] Opening '/cache/transcodes/f744bb8a23086c2d41090c9b93b43bf769.mp4' for writing
[hls @ 0x7184318b7e80] Opening '/cache/transcodes/f744bb8a23086c2d41090c9b93b43bf770.mp4' for writing
[hls @ 0x7184318b7e80] Opening '/cache/transcodes/f744bb8a23086c2d41090c9b93b43bf771.mp4' for writing
[hls @ 0x7184318b7e80] Opening '/cache/transcodes/f744bb8a23086c2d41090c9b93b43bf772.mp4' for writing
[hls @ 0x7184318b7e80] Opening '/cache/transcodes/f744bb8a23086c2d41090c9b93b43bf773.mp4' for writing
[hls @ 0x7184318b7e80] Opening '/cache/transcodes/f744bb8a23086c2d41090c9b93b43bf774.mp4' for writing
[hls @ 0x7184318b7e80] Opening '/cache/transcodes/f744bb8a23086c2d41090c9b93b43bf775.mp4' for writing
[hls @ 0x7184318b7e80] Opening '/cache/transcodes/f744bb8a23086c2d41090c9b93b43bf776.mp4' for writing
[hls @ 0x7184318b7e80] Opening '/cache/transcodes/f744bb8a23086c2d41090c9b93b43bf777.mp4' for writing
[hls @ 0x7184318b7e80] Opening '/cache/transcodes/f744bb8a23086c2d41090c9b93b43bf778.mp4' for writing
[hls @ 0x7184318b7e80] Opening '/cache/transcodes/f744bb8a23086c2d41090c9b93b43bf779.mp4' for writing
[hls @ 0x7184318b7e80] Opening '/cache/transcodes/f744bb8a23086c2d41090c9b93b43bf780.mp4' for writing
[hls @ 0x7184318b7e80] Opening '/cache/transcodes/f744bb8a23086c2d41090c9b93b43bf781.mp4' for writing
[hls @ 0x7184318b7e80] Opening '/cache/transcodes/f744bb8a23086c2d41090c9b93b43bf782.mp4' for writing
[hls @ 0x7184318b7e80] Opening '/cache/transcodes/f744bb8a23086c2d41090c9b93b43bf783.mp4' for writing
[hls @ 0x7184318b7e80] Opening '/cache/transcodes/f744bb8a23086c2d41090c9b93b43bf784.mp4' for writing
[hls @ 0x7184318b7e80] Opening '/cache/transcodes/f744bb8a23086c2d41090c9b93b43bf785.mp4' for writing
[hls @ 0x7184318b7e80] Opening '/cache/transcodes/f744bb8a23086c2d41090c9b93b43bf786.mp4' for writing
[hls @ 0x7184318b7e80] Opening '/cache/transcodes/f744bb8a23086c2d41090c9b93b43bf787.mp4' for writing
[hls @ 0x7184318b7e80] Opening '/cache/transcodes/f744bb8a23086c2d41090c9b93b43bf788.mp4' for writing
[hls @ 0x7184318b7e80] Opening '/cache/transcodes/f744bb8a23086c2d41090c9b93b43bf789.mp4' for writing
[hls @ 0x7184318b7e80] Opening '/cache/transcodes/f744bb8a23086c2d41090c9b93b43bf790.mp4' for writing
[hls @ 0x7184318b7e80] Opening '/cache/transcodes/f744bb8a23086c2d41090c9b93b43bf791.mp4' for writing
[hls @ 0x7184318b7e80] Opening '/cache/transcodes/f744bb8a23086c2d41090c9b93b43bf792.mp4' for writing
[hls @ 0x7184318b7e80] Opening '/cache/transcodes/f744bb8a23086c2d41090c9b93b43bf793.mp4' for writing
[hls @ 0x7184318b7e80] Opening '/cache/transcodes/f744bb8a23086c2d41090c9b93b43bf794.mp4' for writing
[hls @ 0x7184318b7e80] Opening '/cache/transcodes/f744bb8a23086c2d41090c9b93b43bf795.mp4' for writing
[hls @ 0x7184318b7e80] Opening '/cache/transcodes/f744bb8a23086c2d41090c9b93b43bf796.mp4' for writing
[hls @ 0x7184318b7e80] Opening '/cache/transcodes/f744bb8a23086c2d41090c9b93b43bf797.mp4' for writing
[hls @ 0x7184318b7e80] Opening '/cache/transcodes/f744bb8a23086c2d41090c9b93b43bf798.mp4' for writing
[hls @ 0x7184318b7e80] Opening '/cache/transcodes/f744bb8a23086c2d41090c9b93b43bf799.mp4' for writing
[hls @ 0x7184318b7e80] Opening '/cache/transcodes/f744bb8a23086c2d41090c9b93b43bf7100.mp4' for writing
[hls @ 0x7184318b7e80] Opening '/cache/transcodes/f744bb8a23086c2d41090c9b93b43bf7101.mp4' for writing
[hls @ 0x7184318b7e80] Opening '/cache/transcodes/f744bb8a23086c2d41090c9b93b43bf7102.mp4' for writing
[hls @ 0x7184318b7e80] Opening '/cache/transcodes/f744bb8a23086c2d41090c9b93b43bf7103.mp4' for writing
[hls @ 0x7184318b7e80] Opening '/cache/transcodes/f744bb8a23086c2d41090c9b93b43bf7104.mp4' for writing
[hls @ 0x7184318b7e80] Opening '/cache/transcodes/f744bb8a23086c2d41090c9b93b43bf7105.mp4' for writing
[hls @ 0x7184318b7e80] Opening '/cache/transcodes/f744bb8a23086c2d41090c9b93b43bf7106.mp4' for writing
[hls @ 0x7184318b7e80] Opening '/cache/transcodes/f744bb8a23086c2d41090c9b93b43bf7107.mp4' for writing
[hls @ 0x7184318b7e80] Opening '/cache/transcodes/f744bb8a23086c2d41090c9b93b43bf7108.mp4' for writing
[hls @ 0x7184318b7e80] Opening '/cache/transcodes/f744bb8a23086c2d41090c9b93b43bf7109.mp4' for writing
[hls @ 0x7184318b7e80] Opening '/cache/transcodes/f744bb8a23086c2d41090c9b93b43bf7110.mp4' for writing
[hls @ 0x7184318b7e80] Opening '/cache/transcodes/f744bb8a23086c2d41090c9b93b43bf7111.mp4' for writing
[hls @ 0x7184318b7e80] Opening '/cache/transcodes/f744bb8a23086c2d41090c9b93b43bf7112.mp4' for writing
[hls @ 0x7184318b7e80] Opening '/cache/transcodes/f744bb8a23086c2d41090c9b93b43bf7113.mp4' for writing
[hls @ 0x7184318b7e80] Opening '/cache/transcodes/f744bb8a23086c2d41090c9b93b43bf7114.mp4' for writing
[hls @ 0x7184318b7e80] Opening '/cache/transcodes/f744bb8a23086c2d41090c9b93b43bf7115.mp4' for writing
[hls @ 0x7184318b7e80] Opening '/cache/transcodes/f744bb8a23086c2d41090c9b93b43bf7116.mp4' for writing
[hls @ 0x7184318b7e80] Opening '/cache/transcodes/f744bb8a23086c2d41090c9b93b43bf7117.mp4' for writing
[hls @ 0x7184318b7e80] Opening '/cache/transcodes/f744bb8a23086c2d41090c9b93b43bf7118.mp4' for writing
[hls @ 0x7184318b7e80] Opening '/cache/transcodes/f744bb8a23086c2d41090c9b93b43bf7119.mp4' for writing
[hls @ 0x7184318b7e80] Opening '/cache/transcodes/f744bb8a23086c2d41090c9b93b43bf7120.mp4' for writing
[hls @ 0x7184318b7e80] Opening '/cache/transcodes/f744bb8a23086c2d41090c9b93b43bf7121.mp4' for writing
[hls @ 0x7184318b7e80] Opening '/cache/transcodes/f744bb8a23086c2d41090c9b93b43bf7122.mp4' for writing
[hls @ 0x7184318b7e80] Opening '/cache/transcodes/f744bb8a23086c2d41090c9b93b43bf7123.mp4' for writing
[hls @ 0x7184318b7e80] Opening '/cache/transcodes/f744bb8a23086c2d41090c9b93b43bf7124.mp4' for writing
[hls @ 0x7184318b7e80] Opening '/cache/transcodes/f744bb8a23086c2d41090c9b93b43bf7125.mp4' for writing
[hls @ 0x7184318b7e80] Opening '/cache/transcodes/f744bb8a23086c2d41090c9b93b43bf7126.mp4' for writing
[hls @ 0x7184318b7e80] Opening '/cache/transcodes/f744bb8a23086c2d41090c9b93b43bf7127.mp4' for writing
[hls @ 0x7184318b7e80] Opening '/cache/transcodes/f744bb8a23086c2d41090c9b93b43bf7128.mp4' for writing
[hls @ 0x7184318b7e80] Opening '/cache/transcodes/f744bb8a23086c2d41090c9b93b43bf7129.mp4' for writing
[hls @ 0x7184318b7e80] Opening '/cache/transcodes/f744bb8a23086c2d41090c9b93b43bf7130.mp4' for writing
[hls @ 0x7184318b7e80] Opening '/cache/transcodes/f744bb8a23086c2d41090c9b93b43bf7131.mp4' for writing
[hls @ 0x7184318b7e80] Opening '/cache/transcodes/f744bb8a23086c2d41090c9b93b43bf7132.mp4' for writing
[hls @ 0x7184318b7e80] Opening '/cache/transcodes/f744bb8a23086c2d41090c9b93b43bf7133.mp4' for writing
[hls @ 0x7184318b7e80] Opening '/cache/transcodes/f744bb8a23086c2d41090c9b93b43bf7134.mp4' for writing
[hls @ 0x7184318b7e80] Opening '/cache/transcodes/f744bb8a23086c2d41090c9b93b43bf7135.mp4' for writing
[hls @ 0x7184318b7e80] Opening '/cache/transcodes/f744bb8a23086c2d41090c9b93b43bf7136.mp4' for writing
[hls @ 0x7184318b7e80] Opening '/cache/transcodes/f744bb8a23086c2d41090c9b93b43bf7137.mp4' for writing
[hls @ 0x7184318b7e80] Opening '/cache/transcodes/f744bb8a23086c2d41090c9b93b43bf7138.mp4' for writing
[hls @ 0x7184318b7e80] Opening '/cache/transcodes/f744bb8a23086c2d41090c9b93b43bf7139.mp4' for writing
[hls @ 0x7184318b7e80] Opening '/cache/transcodes/f744bb8a23086c2d41090c9b93b43bf7140.mp4' for writing
[hls @ 0x7184318b7e80] Opening '/cache/transcodes/f744bb8a23086c2d41090c9b93b43bf7141.mp4' for writing
[hls @ 0x7184318b7e80] Opening '/cache/transcodes/f744bb8a23086c2d41090c9b93b43bf7142.mp4' for writing
[hls @ 0x7184318b7e80] Opening '/cache/transcodes/f744bb8a23086c2d41090c9b93b43bf7143.mp4' for writing
[hls @ 0x7184318b7e80] Opening '/cache/transcodes/f744bb8a23086c2d41090c9b93b43bf7144.mp4' for writing
[hls @ 0x7184318b7e80] Opening '/cache/transcodes/f744bb8a23086c2d41090c9b93b43bf7145.mp4' for writing
[hls @ 0x7184318b7e80] Opening '/cache/transcodes/f744bb8a23086c2d41090c9b93b43bf7146.mp4' for writing
[hls @ 0x7184318b7e80] Opening '/cache/transcodes/f744bb8a23086c2d41090c9b93b43bf7147.mp4' for writing
[hls @ 0x7184318b7e80] Opening '/cache/transcodes/f744bb8a23086c2d41090c9b93b43bf7148.mp4' for writing
[hls @ 0x7184318b7e80] Opening '/cache/transcodes/f744bb8a23086c2d41090c9b93b43bf7149.mp4' for writing
[hls @ 0x7184318b7e80] Opening '/cache/transcodes/f744bb8a23086c2d41090c9b93b43bf7150.mp4' for writing
[hls @ 0x7184318b7e80] Opening '/cache/transcodes/f744bb8a23086c2d41090c9b93b43bf7151.mp4' for writing
[hls @ 0x7184318b7e80] Opening '/cache/transcodes/f744bb8a23086c2d41090c9b93b43bf7152.mp4' for writing
[hls @ 0x7184318b7e80] Opening '/cache/transcodes/f744bb8a23086c2d41090c9b93b43bf7153.mp4' for writing
[hls @ 0x7184318b7e80] Opening '/cache/transcodes/f744bb8a23086c2d41090c9b93b43bf7154.mp4' for writing
[hls @ 0x7184318b7e80] Opening '/cache/transcodes/f744bb8a23086c2d41090c9b93b43bf7155.mp4' for writing
[hls @ 0x7184318b7e80] Opening '/cache/transcodes/f744bb8a23086c2d41090c9b93b43bf7156.mp4' for writing
[hls @ 0x7184318b7e80] Opening '/cache/transcodes/f744bb8a23086c2d41090c9b93b43bf7157.mp4' for writing
[hls @ 0x7184318b7e80] Opening '/cache/transcodes/f744bb8a23086c2d41090c9b93b43bf7158.mp4' for writing
[hls @ 0x7184318b7e80] Opening '/cache/transcodes/f744bb8a23086c2d41090c9b93b43bf7159.mp4' for writing
[hls @ 0x7184318b7e80] Opening '/cache/transcodes/f744bb8a23086c2d41090c9b93b43bf7160.mp4' for writing
[hls @ 0x7184318b7e80] Opening '/cache/transcodes/f744bb8a23086c2d41090c9b93b43bf7161.mp4' for writing
[hls @ 0x7184318b7e80] Opening '/cache/transcodes/f744bb8a23086c2d41090c9b93b43bf7162.mp4' for writing
[hls @ 0x7184318b7e80] Opening '/cache/transcodes/f744bb8a23086c2d41090c9b93b43bf7163.mp4' for writing


[q] command received. Exiting.

[hls @ 0x7184318b7e80] Opening '/cache/transcodes/f744bb8a23086c2d41090c9b93b43bf7164.mp4' for writing
[out#0/hls @ 0x718431880ec0] video:150785KiB audio:16031KiB subtitle:0KiB other streams:0KiB global headers:0KiB muxing overhead: unknown
frame=24268 fps=0.0 q=-1.0 Lsize=N/A time=00:00:00.00 bitrate=N/A speed=   0x    