(N) 2026-03-27T18:02:15 - Restored torrent. Torrent: "Gibi S06E04 1080P EXXEN WEB DL AAC H264 TURG CT"
(N) 2026-03-27T18:02:15 - Restored torrent. Torrent: "Gibi S06E02 1080p EXXEN WEB DL AAC H 264 TURG CT"
(N) 2026-03-27T18:02:15 - Restored torrent. Torrent: "FreakMobMedia 25 12 17 Summer Col Made Me Cum Twice XXX 720p MP"
(N) 2026-03-27T18:02:15 - Restored torrent. Torrent: "evilangel.26.02.26.priscila.belini.4k.mp4"
(N) 2026-03-27T18:02:15 - Restored torrent. Torrent: "The Originals S01E03 Tangled Up in Blue 1080p AMZN WEB-DL DDP5 1 SDR H 265-"
(N) 2026-03-27T18:02:15 - Restored torrent. Torrent: "Gibi S06E01 1080p EXXEN WEB DL AAC H264 TURG CT"
(N) 2026-03-27T18:02:15 - Restored torrent. Torrent: "Charmed 26 02 19 Leana Lovings XXX 1080p MP4-WRB [XC]"
(N) 2026-03-27T18:02:15 - Restored torrent. Torrent: "DaughterSwap 26 03 19 Sophia Sterling And Asteria Jade XXX 720p"
(N) 2026-03-27T18:02:15 - Restored torrent. Torrent: "AnalOnly 26 03 15 Anissa Kate And Rissa May XXX 1080p MP4-NBQ ["
(N) 2026-03-27T18:02:15 - Restored torrent. Torrent: "TabooHeat 26 03 19 Cory Chase Juniper Ren XXX 2160p MP4-Narcos"
(N) 2026-03-27T18:02:15 - Restored torrent. Torrent: "Vixen 26 03 18 Ashby Winter And Elena Vedem XXX 1080p MP4-NBQ ["
(N) 2026-03-27T18:02:15 - Restored torrent. Torrent: "Gibi S06E07 1080P EXXEN WEB DL AAC H264 TURG CT"
(N) 2026-03-27T18:02:15 - Restored torrent. Torrent: "Daredevil Born Again (2025) Season 1 S01 (2160p HDR DSNP WEB-DL x..."
(N) 2026-03-27T18:02:15 - Restored torrent. Torrent: "The Housemaid (2025) [HYBRID] [1080p] [BluRay] [5.1] [YTS.BZ]"
(N) 2026-03-27T18:02:15 - Restored torrent. Torrent: "Shrek (2001) [1080p]"
(N) 2026-03-27T18:02:15 - Restored torrent. Torrent: "The Conjuring The Devil Made Me Do It (2021) [1080p] [BluRay] [5.1] [YTS.MX]"
(N) 2026-03-27T18:02:15 - Restored torrent. Torrent: "The Originals S01E08 The River in Reverse 1080p AMZN WEB-DL DDP5 1 SDR H 265-GRiMM"
(N) 2026-03-27T18:02:15 - Restored torrent. Torrent: "The.Originals.S01E16.HDTV.1080i.x264.BGAUDiO-4PLAY"
(N) 2026-03-27T18:02:15 - Restored torrent. Torrent: "The Originals S01E02 House of the Rising Son 1080p AMZN WEB-DL DDP5 1 SDR H"
(N) 2026-03-27T18:02:15 - Restored torrent. Torrent: "The.Originals.S01E11.HDTV.1080i.x264.BGAUDiO-4PLAY"
(N) 2026-03-27T18:02:15 - Restored torrent. Torrent: "DadCrush 26 03 18 Hazel Heart XXX 1080p MP4-WRB [XC]"
(N) 2026-03-27T18:02:15 - Restored torrent. Torrent: "Hannah Montana 20th Anniversary Special (2026) [1080p] [WEBRip] [5.1] [YTS.BZ]"
(N) 2026-03-27T18:02:15 - Restored torrent. Torrent: "Deeper 26 03 19 Summer Kline Masks XXX 1080p MP4-P2P [XC]"
(N) 2026-03-27T18:02:15 - Restored torrent. Torrent: "The Originals S01E06 Fruit of the Poisoned Tree 1080p AMZN WEB-DL DDP5 1 SDR H 265-GRiMM"
(N) 2026-03-27T18:02:15 - Restored torrent. Torrent: "BrazzersExxtra 26 03 24 Juniper Ren And Liora Vane Two Slutty P"
(N) 2026-03-27T18:02:15 - Restored torrent. Torrent: "Shrek Forever After (2010) 1080p BrRip x264 - 1GB -YIFY"
(N) 2026-03-27T18:02:15 - Restored torrent. Torrent: "The.Originals.S01E20.HDTV.1080i.x264.BGAUDiO-4PLAY"
(N) 2026-03-27T18:02:15 - Restored torrent. Torrent: "Gibi S05E12 1080P EXXEN WEB DL AAC H264 TURG CT"
(N) 2026-03-27T18:02:15 - Restored torrent. Torrent: "PervTherapy 26 03 23 Lulu Chu And Kimmy Kimm XXX 1080p MP4-WRB"
(N) 2026-03-27T18:02:15 - Restored torrent. Torrent: "The Originals S01E05 Sinners and Saints 1080p AMZN WEB-DL DDP5 1 SDR H 265-"
(N) 2026-03-27T18:02:15 - Restored torrent. Torrent: "The Conjuring 2 (2016) [1080p] [YTS.AG]"
(N) 2026-03-27T18:02:15 - Restored torrent. Torrent: "Shrek 2 (2004) [1080p]"
(N) 2026-03-27T18:02:15 - Restored torrent. Torrent: "The Conjuring (2013) REPACK (1080p BluRay x265 HEVC 10bit AAC 5."
(N) 2026-03-27T18:02:15 - Restored torrent. Torrent: "BrazzersExxtra 26 03 19 Anissa Kate MILF Cougar Fucks Frat Bros"
(N) 2026-03-27T18:02:15 - Restored torrent. Torrent: "BrazzersExxtra 26 03 23 Abigaiil Morris Cooking With Abigaiil A"
(N) 2026-03-27T18:02:15 - Restored torrent. Torrent: "Gibi S06E06 1080p EXXEN WEB DL AAC H264 TURG CT"
(N) 2026-03-27T18:02:15 - Restored torrent. Torrent: "Spider-Man Homecoming (2017) [1080p] [YTS.AG]"
(N) 2026-03-27T18:02:15 - Restored torrent. Torrent: "The Originals S01E09 Reigning Pain in New Orleans 1080p AMZN WEB-DL DDP5 1 SDR H 265-GRiMM"
(N) 2026-03-27T18:02:15 - Restored torrent. Torrent: "The.Originals.S01E12.HDTV.1080i.x264.BGAUDiO-4PLAY"
(N) 2026-03-27T18:02:15 - Restored torrent. Torrent: "Gibi S06E03 1080P EXXEN WEB DL AAC H264 TURG CT"
(N) 2026-03-27T18:02:15 - Restored torrent. Torrent: "Sherlock Holmes 2009 REPACK 1080p BluRay x265-YAWNTiC"
(N) 2026-03-27T18:02:15 - Restored torrent. Torrent: "Shrek the Third (2007) 1080p BrRip x264 - 1GB -YIFY"
(N) 2026-03-27T18:02:15 - Restored torrent. Torrent: "Daredevil Born Again S02E01 The Northern Star 2160p WEB-DL DDP5 1 Atmos H 2"
(N) 2026-03-27T18:02:15 - Restored torrent. Torrent: "EvilAngel 26 03 16 Priscila Belini XXX 2160p MP4-WRB [XC]"
(N) 2026-03-27T18:02:15 - Restored torrent. Torrent: "Scream 7 (2026) [1080p] [WEBRip] [5.1] [YTS.BZ]"
(N) 2026-03-27T18:02:15 - Restored torrent. Torrent: "The Originals S01E15 Le Grand Guignol 1080p AMZN WEB-DL DDP5 1 SDR H 265-GR"
(N) 2026-03-27T18:02:15 - Restored torrent. Torrent: "OnlyTarts 26 03 23 Emejota For Onlytarts XXX 2160p MP4-WRB [XC]"
(N) 2026-03-27T18:02:15 - Restored torrent. Torrent: "BrazzersExxtra 26 03 19 Alanna Pow Alannas Bitty Bikini Comes R"
(N) 2026-03-27T18:02:15 - Restored torrent. Torrent: "The Originals S01E04 Girl in New Orleans 1080p AMZN WEB-DL DDP5 1 SDR H 265"
(N) 2026-03-27T18:02:15 - Restored torrent. Torrent: "The Originals S01E10 The Casket Girls 1080p AMZN WEB-DL DDP5 1 SDR H 265-GR"
(N) 2026-03-27T18:02:15 - Restored torrent. Torrent: "PlayboyPlus 26 03 25 Ella Reese High Roller XXX 2160p MP4-WRB ["
(N) 2026-03-27T18:02:15 - Restored torrent. Torrent: "The.Originals.S01E17.HDTV.1080i.x264.BGAUDiO-4PLAY"
(N) 2026-03-27T18:02:15 - Restored torrent. Torrent: "[BrattySis] Summer Renee (26.03.20)[1080p][AV1][xFans].mkv"
(N) 2026-03-27T18:02:15 - Restored torrent. Torrent: "Tushy 25 11 16 Valentina Nappi XXX 1080p MP4-NBQ [XC]"
(N) 2026-03-27T18:02:15 - Restored torrent. Torrent: "The Conjuring Last Rites (2025) [IMAX] [1080p] [BluRay] [5.1] [YTS.MX]"
(N) 2026-03-27T18:02:15 - Restored torrent. Torrent: "Vixen 26 03 22 Emiri Momota In Vogue The Comeback XXX 1080p MP4"
(N) 2026-03-27T18:02:15 - Restored torrent. Torrent: "Peaky.Blinders.S01.1080p.ITA-ENG.BluRay.x265.AAC-V3SP4EV3R"
(I) 2026-03-27T18:02:15 - IP geolocation database loaded. Type: DBIP-Country-Lite. Build time: Sun Mar 1 05:42:44 2026.
(N) 2026-03-27T18:02:15 - Using built-in WebUI.
(N) 2026-03-27T18:02:15 - WebUI translation for selected locale (en) has been successfully loaded.
(N) 2026-03-27T18:02:16 - WebUI: Now listening on IP: *, port: 8081
(I) 2026-03-27T18:02:16 - Detected external IP. IP: "82.222.97.173"
(N) 2026-03-27T18:03:20 - qBittorrent v5.1.4 started. Process ID: 152
(N) 2026-03-27T18:03:20 - Using config directory: /config/qBittorrent
(N) 2026-03-27T18:03:20 - Trying to listen on the following list of IP addresses: "0.0.0.0:6881,[::]:6881"
(I) 2026-03-27T18:03:20 - Peer ID: "-qB5140-"
(I) 2026-03-27T18:03:20 - HTTP User-Agent: "qBittorrent/5.1.4"
(I) 2026-03-27T18:03:20 - Distributed Hash Table (DHT) support: ON
(I) 2026-03-27T18:03:20 - Local Peer Discovery support: ON
(I) 2026-03-27T18:03:20 - Peer Exchange (PeX) support: ON
(I) 2026-03-27T18:03:20 - Anonymous mode: OFF
(I) 2026-03-27T18:03:20 - Encryption support: ON
(I) 2026-03-27T18:03:20 - Successfully listening on IP. IP: "127.0.0.1". Port: "TCP/6881"
(I) 2026-03-27T18:03:20 - Successfully listening on IP. IP: "127.0.0.1". Port: "UTP/6881"
(I) 2026-03-27T18:03:20 - Successfully listening on IP. IP: "10.244.0.11". Port: "TCP/6881"
(I) 2026-03-27T18:03:20 - Successfully listening on IP. IP: "10.244.0.11". Port: "UTP/6881"
(I) 2026-03-27T18:03:20 - Successfully listening on IP. IP: "::1". Port: "TCP/6881"
(I) 2026-03-27T18:03:20 - Successfully listening on IP. IP: "::1". Port: "UTP/6881"
(I) 2026-03-27T18:03:20 - Successfully listening on IP. IP: "fe80::7812:68ff:fec1:721e%eth0". Port: "TCP/6881"
(I) 2026-03-27T18:03:20 - Successfully listening on IP. IP: "fe80::7812:68ff:fec1:721e%eth0". Port: "UTP/6881"
(N) 2026-03-27T18:03:20 - Restored torrent. Torrent: "Perfect18 24 11 25 Olivia Trunk XXX 2160p MP4-VSEX [XC]"
(N) 2026-03-27T18:03:20 - Restored torrent. Torrent: "WowGirls 20 06 18 Sia Siberia Butter My Ass XXX 2160p MP4-NBQ ["
(N) 2026-03-27T18:03:20 - Restored torrent. Torrent: "Gibi S05E01 1080P EXXEN WEB DL AAC H264 TURG CT"
(N) 2026-03-27T18:03:20 - Restored torrent. Torrent: "Gibi S05E02 1080P EXXEN WEB DL AAC H264 TURG CT"
(N) 2026-03-27T18:03:20 - Restored torrent. Torrent: "Gibi S05E03 1080P EXXEN WEB DL AAC H264 TURG CT"
(N) 2026-03-27T18:03:20 - Restored torrent. Torrent: "Gibi S05E04 1080P EXXEN WEB DL AAC H264 TURG CT"
(N) 2026-03-27T18:03:20 - Restored torrent. Torrent: "Gibi S05E05 1080P EXXEN WEB DL AAC H264 TURG CT"
(N) 2026-03-27T18:03:20 - Restored torrent. Torrent: "Gibi S05E06 1080P EXXEN WEB DL AAC H264 TURG CT"
(N) 2026-03-27T18:03:20 - Restored torrent. Torrent: "Gibi S05E07 1080P EXXEN WEB DL AAC H264 TURG CT"
(N) 2026-03-27T18:03:20 - Restored torrent. Torrent: "Gibi S05E08 1080P EXXEN WEB DL AAC H264 TURG CT"
(N) 2026-03-27T18:03:20 - Restored torrent. Torrent: "Gibi S05E09 1080P EXXEN WEB DL AAC H264 TURG CT"
(N) 2026-03-27T18:03:20 - Restored torrent. Torrent: "Gibi S05E10 1080P EXXEN WEB DL AAC H264 TURG CT"
(N) 2026-03-27T18:03:20 - Restored torrent. Torrent: "Gibi S05E11 1080P EXXEN WEB DL AAC H264 TURG CT"
(N) 2026-03-27T18:03:20 - Restored torrent. Torrent: "Gibi S05E13 1080P EXXEN WEB DL AAC H264 TURG CT"
(N) 2026-03-27T18:03:20 - Restored torrent. Torrent: "The.Originals.S01E22.1080p.WEB-DL.DD5.1.H.264-KiNGS"
(N) 2026-03-27T18:03:20 - Restored torrent. Torrent: "The.Originals.S01E14.HDTV.1080i.x264.BGAUDiO-4PLAY"
(N) 2026-03-27T18:03:20 - Restored torrent. Torrent: "The.Originals.S01E18.HDTV.1080i.x264.BGAUDiO-4PLAY"
(N) 2026-03-27T18:03:20 - Restored torrent. Torrent: "The.Originals.S01E19.HDTV.1080i.x264.BGAUDiO-4PLAY"
(N) 2026-03-27T18:03:20 - Restored torrent. Torrent: "The.Originals.S01E21.HDTV.1080i.x264.BGAUDiO-4PLAY"
(N) 2026-03-27T18:03:20 - Restored torrent. Torrent: "Suki (2023) [1080p] [WEBRip] [YTS.MX]"
(N) 2026-03-27T18:03:20 - Restored torrent. Torrent: "LezKey 25 12 18 Lovita Fate And Katy Rose Lesbian XXX 2160p MP4"
(N) 2026-03-27T18:03:20 - Restored torrent. Torrent: "The.Originals.S01E13.HDTV.1080i.x264.BGAUDiO-4PLAY"
(N) 2026-03-27T18:03:20 - Restored torrent. Torrent: "South Park 1997 S28 1080p AMZN WEB DL x265 10bit EAC3 5 1 Sile"
(N) 2026-03-27T18:03:20 - Restored torrent. Torrent: "Gibi S06E05 1080P EXXEN WEB DL AAC H264 TURG CT"
(N) 2026-03-27T18:03:20 - Restored torrent. Torrent: "The Originals S01E01 Always and Forever 1080p AMZN WEB-DL DDP5 1 SDR H 265-"
(N) 2026-03-27T18:03:20 - Restored torrent. Torrent: "The Originals S01E07 Bloodletting 1080p AMZN WEB-DL DDP5 1 SDR H 265-GRiMM"
(N) 2026-03-27T18:03:20 - Restored torrent. Torrent: "Gibi S06E04 1080P EXXEN WEB DL AAC H264 TURG CT"
(N) 2026-03-27T18:03:20 - Restored torrent. Torrent: "Gibi S06E02 1080p EXXEN WEB DL AAC H 264 TURG CT"
(N) 2026-03-27T18:03:20 - Restored torrent. Torrent: "FreakMobMedia 25 12 17 Summer Col Made Me Cum Twice XXX 720p MP"
(N) 2026-03-27T18:03:20 - Restored torrent. Torrent: "evilangel.26.02.26.priscila.belini.4k.mp4"
(N) 2026-03-27T18:03:20 - Restored torrent. Torrent: "The Originals S01E03 Tangled Up in Blue 1080p AMZN WEB-DL DDP5 1 SDR H 265-"
(N) 2026-03-27T18:03:20 - Restored torrent. Torrent: "Gibi S06E01 1080p EXXEN WEB DL AAC H264 TURG CT"
(N) 2026-03-27T18:03:20 - Restored torrent. Torrent: "Charmed 26 02 19 Leana Lovings XXX 1080p MP4-WRB [XC]"
(N) 2026-03-27T18:03:20 - Restored torrent. Torrent: "DaughterSwap 26 03 19 Sophia Sterling And Asteria Jade XXX 720p"
(N) 2026-03-27T18:03:20 - Restored torrent. Torrent: "AnalOnly 26 03 15 Anissa Kate And Rissa May XXX 1080p MP4-NBQ ["
(N) 2026-03-27T18:03:20 - Restored torrent. Torrent: "TabooHeat 26 03 19 Cory Chase Juniper Ren XXX 2160p MP4-Narcos"
(N) 2026-03-27T18:03:20 - Restored torrent. Torrent: "Vixen 26 03 18 Ashby Winter And Elena Vedem XXX 1080p MP4-NBQ ["
(N) 2026-03-27T18:03:20 - Restored torrent. Torrent: "Gibi S06E07 1080P EXXEN WEB DL AAC H264 TURG CT"
(N) 2026-03-27T18:03:20 - Restored torrent. Torrent: "Daredevil Born Again (2025) Season 1 S01 (2160p HDR DSNP WEB-DL x..."
(N) 2026-03-27T18:03:20 - Restored torrent. Torrent: "The Housemaid (2025) [HYBRID] [1080p] [BluRay] [5.1] [YTS.BZ]"
(N) 2026-03-27T18:03:20 - Restored torrent. Torrent: "Shrek (2001) [1080p]"
(N) 2026-03-27T18:03:20 - Restored torrent. Torrent: "The Conjuring The Devil Made Me Do It (2021) [1080p] [BluRay] [5.1] [YTS.MX]"
(N) 2026-03-27T18:03:20 - Restored torrent. Torrent: "The Originals S01E08 The River in Reverse 1080p AMZN WEB-DL DDP5 1 SDR H 265-GRiMM"
(N) 2026-03-27T18:03:20 - Restored torrent. Torrent: "The.Originals.S01E16.HDTV.1080i.x264.BGAUDiO-4PLAY"
(N) 2026-03-27T18:03:20 - Restored torrent. Torrent: "The Originals S01E02 House of the Rising Son 1080p AMZN WEB-DL DDP5 1 SDR H"
(N) 2026-03-27T18:03:20 - Restored torrent. Torrent: "The.Originals.S01E11.HDTV.1080i.x264.BGAUDiO-4PLAY"
(N) 2026-03-27T18:03:20 - Restored torrent. Torrent: "DadCrush 26 03 18 Hazel Heart XXX 1080p MP4-WRB [XC]"
(N) 2026-03-27T18:03:20 - Restored torrent. Torrent: "Hannah Montana 20th Anniversary Special (2026) [1080p] [WEBRip] [5.1] [YTS.BZ]"
(N) 2026-03-27T18:03:20 - Restored torrent. Torrent: "Deeper 26 03 19 Summer Kline Masks XXX 1080p MP4-P2P [XC]"
(N) 2026-03-27T18:03:20 - Restored torrent. Torrent: "The Originals S01E06 Fruit of the Poisoned Tree 1080p AMZN WEB-DL DDP5 1 SDR H 265-GRiMM"
(N) 2026-03-27T18:03:20 - Restored torrent. Torrent: "BrazzersExxtra 26 03 24 Juniper Ren And Liora Vane Two Slutty P"
(N) 2026-03-27T18:03:20 - Restored torrent. Torrent: "Shrek Forever After (2010) 1080p BrRip x264 - 1GB -YIFY"
(N) 2026-03-27T18:03:20 - Restored torrent. Torrent: "The.Originals.S01E20.HDTV.1080i.x264.BGAUDiO-4PLAY"
(N) 2026-03-27T18:03:20 - Restored torrent. Torrent: "Gibi S05E12 1080P EXXEN WEB DL AAC H264 TURG CT"
(N) 2026-03-27T18:03:20 - Restored torrent. Torrent: "PervTherapy 26 03 23 Lulu Chu And Kimmy Kimm XXX 1080p MP4-WRB"
(N) 2026-03-27T18:03:20 - Restored torrent. Torrent: "The Originals S01E05 Sinners and Saints 1080p AMZN WEB-DL DDP5 1 SDR H 265-"
(N) 2026-03-27T18:03:20 - Restored torrent. Torrent: "The Conjuring 2 (2016) [1080p] [YTS.AG]"
(N) 2026-03-27T18:03:20 - Restored torrent. Torrent: "Shrek 2 (2004) [1080p]"
(N) 2026-03-27T18:03:20 - Restored torrent. Torrent: "The Conjuring (2013) REPACK (1080p BluRay x265 HEVC 10bit AAC 5."
(N) 2026-03-27T18:03:20 - Restored torrent. Torrent: "BrazzersExxtra 26 03 19 Anissa Kate MILF Cougar Fucks Frat Bros"
(N) 2026-03-27T18:03:20 - Restored torrent. Torrent: "BrazzersExxtra 26 03 23 Abigaiil Morris Cooking With Abigaiil A"
(N) 2026-03-27T18:03:20 - Restored torrent. Torrent: "Gibi S06E06 1080p EXXEN WEB DL AAC H264 TURG CT"
(N) 2026-03-27T18:03:20 - Restored torrent. Torrent: "Spider-Man Homecoming (2017) [1080p] [YTS.AG]"
(N) 2026-03-27T18:03:20 - Restored torrent. Torrent: "The Originals S01E09 Reigning Pain in New Orleans 1080p AMZN WEB-DL DDP5 1 SDR H 265-GRiMM"
(N) 2026-03-27T18:03:20 - Restored torrent. Torrent: "The.Originals.S01E12.HDTV.1080i.x264.BGAUDiO-4PLAY"
(N) 2026-03-27T18:03:20 - Restored torrent. Torrent: "Gibi S06E03 1080P EXXEN WEB DL AAC H264 TURG CT"
(N) 2026-03-27T18:03:20 - Restored torrent. Torrent: "Sherlock Holmes 2009 REPACK 1080p BluRay x265-YAWNTiC"
(N) 2026-03-27T18:03:20 - Restored torrent. Torrent: "Shrek the Third (2007) 1080p BrRip x264 - 1GB -YIFY"
(N) 2026-03-27T18:03:20 - Restored torrent. Torrent: "Daredevil Born Again S02E01 The Northern Star 2160p WEB-DL DDP5 1 Atmos H 2"
(N) 2026-03-27T18:03:20 - Restored torrent. Torrent: "EvilAngel 26 03 16 Priscila Belini XXX 2160p MP4-WRB [XC]"
(N) 2026-03-27T18:03:20 - Restored torrent. Torrent: "Scream 7 (2026) [1080p] [WEBRip] [5.1] [YTS.BZ]"
(N) 2026-03-27T18:03:20 - Restored torrent. Torrent: "The Originals S01E15 Le Grand Guignol 1080p AMZN WEB-DL DDP5 1 SDR H 265-GR"
(N) 2026-03-27T18:03:20 - Restored torrent. Torrent: "OnlyTarts 26 03 23 Emejota For Onlytarts XXX 2160p MP4-WRB [XC]"
(N) 2026-03-27T18:03:20 - Restored torrent. Torrent: "BrazzersExxtra 26 03 19 Alanna Pow Alannas Bitty Bikini Comes R"
(N) 2026-03-27T18:03:20 - Restored torrent. Torrent: "The Originals S01E04 Girl in New Orleans 1080p AMZN WEB-DL DDP5 1 SDR H 265"
(N) 2026-03-27T18:03:20 - Restored torrent. Torrent: "The Originals S01E10 The Casket Girls 1080p AMZN WEB-DL DDP5 1 SDR H 265-GR"
(N) 2026-03-27T18:03:20 - Restored torrent. Torrent: "PlayboyPlus 26 03 25 Ella Reese High Roller XXX 2160p MP4-WRB ["
(N) 2026-03-27T18:03:20 - Restored torrent. Torrent: "The.Originals.S01E17.HDTV.1080i.x264.BGAUDiO-4PLAY"
(N) 2026-03-27T18:03:20 - Restored torrent. Torrent: "[BrattySis] Summer Renee (26.03.20)[1080p][AV1][xFans].mkv"
(N) 2026-03-27T18:03:20 - Restored torrent. Torrent: "Tushy 25 11 16 Valentina Nappi XXX 1080p MP4-NBQ [XC]"
(N) 2026-03-27T18:03:20 - Restored torrent. Torrent: "The Conjuring Last Rites (2025) [IMAX] [1080p] [BluRay] [5.1] [YTS.MX]"
(N) 2026-03-27T18:03:20 - Restored torrent. Torrent: "Vixen 26 03 22 Emiri Momota In Vogue The Comeback XXX 1080p MP4"
(N) 2026-03-27T18:03:20 - Restored torrent. Torrent: "Peaky.Blinders.S01.1080p.ITA-ENG.BluRay.x265.AAC-V3SP4EV3R"
(I) 2026-03-27T18:03:20 - IP geolocation database loaded. Type: DBIP-Country-Lite. Build time: Sun Mar 1 05:42:44 2026.
(N) 2026-03-27T18:03:20 - Using built-in WebUI.
(N) 2026-03-27T18:03:20 - WebUI translation for selected locale (en) has been successfully loaded.
(N) 2026-03-27T18:03:20 - WebUI: Now listening on IP: *, port: 8081
(I) 2026-03-27T18:03:21 - Detected external IP. IP: "82.222.97.173"
(N) 2026-03-27T18:39:13 - Torrent download finished. Torrent: "The.Originals.S01E18.HDTV.1080i.x264.BGAUDiO-4PLAY"
(N) 2026-03-27T18:39:18 - Torrent download finished. Torrent: "The.Originals.S01E21.HDTV.1080i.x264.BGAUDiO-4PLAY"
(N) 2026-03-27T18:45:15 - Torrent download finished. Torrent: "Gibi S05E08 1080P EXXEN WEB DL AAC H264 TURG CT"
(N) 2026-03-27T18:50:19 - Torrent download finished. Torrent: "The.Originals.S01E19.HDTV.1080i.x264.BGAUDiO-4PLAY"
